{"/Users/Alexander_Kharkevich/projects/kharkevich-engineering-lab/spark-pulse/.claude/worktrees/agent-a2c8f9c9927650735/web/src/App.tsx": {"path":"/Users/Alexander_Kharkevich/projects/kharkevich-engineering-lab/spark-pulse/.claude/worktrees/agent-a2c8f9c9927650735/web/src/App.tsx","statementMap":{"0":{"start":{"line":21,"column":0},"end":{"line":21,"column":null}},"1":{"start":{"line":25,"column":17},"end":{"line":25,"column":null}},"2":{"start":{"line":26,"column":18},"end":{"line":26,"column":null}},"3":{"start":{"line":27,"column":2},"end":{"line":27,"column":null}},"4":{"start":{"line":32,"column":8},"end":{"line":32,"column":null}},"5":{"start":{"line":33,"column":22},"end":{"line":33,"column":null}},"6":{"start":{"line":35,"column":2},"end":{"line":59,"column":null}},"7":{"start":{"line":64,"column":2},"end":{"line":73,"column":null}}},"fnMap":{"0":{"name":"BenchmarkingRoute","decl":{"start":{"line":24,"column":9},"end":{"line":24,"column":29}},"loc":{"start":{"line":24,"column":29},"end":{"line":28,"column":null}},"line":24},"1":{"name":"AppRoutes","decl":{"start":{"line":31,"column":9},"end":{"line":31,"column":21}},"loc":{"start":{"line":31,"column":21},"end":{"line":61,"column":null}},"line":31},"2":{"name":"App","decl":{"start":{"line":63,"column":24},"end":{"line":63,"column":30}},"loc":{"start":{"line":63,"column":30},"end":{"line":75,"column":null}},"line":63}},"branchMap":{"0":{"loc":{"start":{"line":26,"column":18},"end":{"line":26,"column":null}},"type":"binary-expr","locations":[{"start":{"line":26,"column":18},"end":{"line":26,"column":50}},{"start":{"line":26,"column":50},"end":{"line":26,"column":null}}],"line":26},"1":{"loc":{"start":{"line":27,"column":9},"end":{"line":27,"column":null}},"type":"cond-expr","locations":[{"start":{"line":27,"column":19},"end":{"line":27,"column":42}},{"start":{"line":27,"column":42},"end":{"line":27,"column":null}}],"line":27},"2":{"loc":{"start":{"line":42,"column":7},"end":{"line":57,"column":null}},"type":"binary-expr","locations":[{"start":{"line":42,"column":7},"end":{"line":42,"column":null}},{"start":{"line":43,"column":8},"end":{"line":57,"column":null}}],"line":42}},"s":{"0":1,"1":3,"2":3,"3":3,"4":16,"5":16,"6":16,"7":14},"f":{"0":3,"1":16,"2":14},"b":{"0":[3,1],"1":[1,2],"2":[16,15]},"meta":{"lastBranch":3,"lastFunction":3,"lastStatement":8,"seen":{"s:21:0:21:Infinity":0,"f:24:9:24:29":0,"s:25:17:25:Infinity":1,"s:26:18:26:Infinity":2,"b:26:18:26:50:26:50:26:Infinity":0,"s:27:2:27:Infinity":3,"b:27:19:27:42:27:42:27:Infinity":1,"f:31:9:31:21":1,"s:32:8:32:Infinity":4,"s:33:22:33:Infinity":5,"s:35:2:59:Infinity":6,"b:42:7:42:Infinity:43:8:57:Infinity":2,"f:63:24:63:30":2,"s:64:2:73:Infinity":7},"fnNames":{}}}
,"/Users/Alexander_Kharkevich/projects/kharkevich-engineering-lab/spark-pulse/.claude/worktrees/agent-a2c8f9c9927650735/web/src/components/BaseCard.tsx": {"path":"/Users/Alexander_Kharkevich/projects/kharkevich-engineering-lab/spark-pulse/.claude/worktrees/agent-a2c8f9c9927650735/web/src/components/BaseCard.tsx","statementMap":{"0":{"start":{"line":20,"column":22},"end":{"line":20,"column":null}},"1":{"start":{"line":22,"column":24},"end":{"line":28,"column":null}},"2":{"start":{"line":23,"column":4},"end":{"line":23,"column":null}},"3":{"start":{"line":23,"column":22},"end":{"line":23,"column":null}},"4":{"start":{"line":24,"column":4},"end":{"line":27,"column":null}},"5":{"start":{"line":25,"column":6},"end":{"line":25,"column":null}},"6":{"start":{"line":26,"column":6},"end":{"line":26,"column":null}},"7":{"start":{"line":30,"column":2},"end":{"line":59,"column":null}}},"fnMap":{"0":{"name":"BaseCard","decl":{"start":{"line":19,"column":24},"end":{"line":19,"column":33}},"loc":{"start":{"line":19,"column":126},"end":{"line":61,"column":null}},"line":19},"1":{"name":"(anonymous_1)","decl":{"start":{"line":22,"column":24},"end":{"line":22,"column":25}},"loc":{"start":{"line":22,"column":68},"end":{"line":28,"column":null}},"line":22}},"branchMap":{"0":{"loc":{"start":{"line":23,"column":4},"end":{"line":23,"column":null}},"type":"if","locations":[{"start":{"line":23,"column":4},"end":{"line":23,"column":null}},{"start":{},"end":{}}],"line":23},"1":{"loc":{"start":{"line":24,"column":4},"end":{"line":27,"column":null}},"type":"if","locations":[{"start":{"line":24,"column":4},"end":{"line":27,"column":null}},{"start":{},"end":{}}],"line":24},"2":{"loc":{"start":{"line":24,"column":8},"end":{"line":24,"column":44}},"type":"binary-expr","locations":[{"start":{"line":24,"column":8},"end":{"line":24,"column":29}},{"start":{"line":24,"column":29},"end":{"line":24,"column":44}}],"line":24},"3":{"loc":{"start":{"line":32,"column":12},"end":{"line":32,"column":null}},"type":"cond-expr","locations":[{"start":{"line":32,"column":26},"end":{"line":32,"column":37}},{"start":{"line":32,"column":37},"end":{"line":32,"column":null}}],"line":32},"4":{"loc":{"start":{"line":33,"column":16},"end":{"line":33,"column":null}},"type":"cond-expr","locations":[{"start":{"line":33,"column":30},"end":{"line":33,"column":34}},{"start":{"line":33,"column":34},"end":{"line":33,"column":null}}],"line":33},"5":{"loc":{"start":{"line":34,"column":21},"end":{"line":34,"column":null}},"type":"binary-expr","locations":[{"start":{"line":34,"column":21},"end":{"line":34,"column":33}},{"start":{"line":34,"column":33},"end":{"line":34,"column":null}}],"line":34},"6":{"loc":{"start":{"line":35,"column":15},"end":{"line":35,"column":null}},"type":"cond-expr","locations":[{"start":{"line":35,"column":29},"end":{"line":35,"column":39}},{"start":{"line":35,"column":39},"end":{"line":35,"column":null}}],"line":35},"7":{"loc":{"start":{"line":38,"column":8},"end":{"line":40,"column":null}},"type":"cond-expr","locations":[{"start":{"line":39,"column":12},"end":{"line":39,"column":null}},{"start":{"line":40,"column":12},"end":{"line":40,"column":null}}],"line":38},"8":{"loc":{"start":{"line":41,"column":10},"end":{"line":41,"column":25}},"type":"binary-expr","locations":[{"start":{"line":41,"column":10},"end":{"line":41,"column":23}},{"start":{"line":41,"column":23},"end":{"line":41,"column":25}}],"line":41},"9":{"loc":{"start":{"line":50,"column":13},"end":{"line":50,"column":null}},"type":"binary-expr","locations":[{"start":{"line":50,"column":13},"end":{"line":50,"column":25}},{"start":{"line":50,"column":25},"end":{"line":50,"column":null}}],"line":50},"10":{"loc":{"start":{"line":52,"column":11},"end":{"line":53,"column":null}},"type":"binary-expr","locations":[{"start":{"line":52,"column":11},"end":{"line":52,"column":null}},{"start":{"line":53,"column":12},"end":{"line":53,"column":null}}],"line":52},"11":{"loc":{"start":{"line":56,"column":9},"end":{"line":56,"column":null}},"type":"binary-expr","locations":[{"start":{"line":56,"column":9},"end":{"line":56,"column":22}},{"start":{"line":56,"column":22},"end":{"line":56,"column":null}}],"line":56},"12":{"loc":{"start":{"line":58,"column":7},"end":{"line":58,"column":null}},"type":"binary-expr","locations":[{"start":{"line":58,"column":7},"end":{"line":58,"column":17}},{"start":{"line":58,"column":17},"end":{"line":58,"column":null}}],"line":58}},"s":{"0":229,"1":229,"2":4,"3":1,"4":3,"5":2,"6":2,"7":229},"f":{"0":229,"1":4},"b":{"0":[1,3],"1":[2,1],"2":[3,2],"3":[226,3],"4":[226,3],"5":[229,226],"6":[226,3],"7":[3,226],"8":[229,228],"9":[229,25],"10":[229,198],"11":[229,226],"12":[229,198]},"meta":{"lastBranch":13,"lastFunction":2,"lastStatement":8,"seen":{"f:19:24:19:33":0,"s:20:22:20:Infinity":0,"s:22:24:28:Infinity":1,"f:22:24:22:25":1,"b:23:4:23:Infinity:undefined:undefined:undefined:undefined":0,"s:23:4:23:Infinity":2,"s:23:22:23:Infinity":3,"b:24:4:27:Infinity:undefined:undefined:undefined:undefined":1,"s:24:4:27:Infinity":4,"b:24:8:24:29:24:29:24:44":2,"s:25:6:25:Infinity":5,"s:26:6:26:Infinity":6,"s:30:2:59:Infinity":7,"b:32:26:32:37:32:37:32:Infinity":3,"b:33:30:33:34:33:34:33:Infinity":4,"b:34:21:34:33:34:33:34:Infinity":5,"b:35:29:35:39:35:39:35:Infinity":6,"b:39:12:39:Infinity:40:12:40:Infinity":7,"b:41:10:41:23:41:23:41:25":8,"b:50:13:50:25:50:25:50:Infinity":9,"b:52:11:52:Infinity:53:12:53:Infinity":10,"b:56:9:56:22:56:22:56:Infinity":11,"b:58:7:58:17:58:17:58:Infinity":12},"fnNames":{}}}
,"/Users/Alexander_Kharkevich/projects/kharkevich-engineering-lab/spark-pulse/.claude/worktrees/agent-a2c8f9c9927650735/web/src/components/CollectionCard.tsx": {"path":"/Users/Alexander_Kharkevich/projects/kharkevich-engineering-lab/spark-pulse/.claude/worktrees/agent-a2c8f9c9927650735/web/src/components/CollectionCard.tsx","statementMap":{"0":{"start":{"line":16,"column":2},"end":{"line":44,"column":null}}},"fnMap":{"0":{"name":"CollectionCard","decl":{"start":{"line":7,"column":24},"end":{"line":7,"column":39}},"loc":{"start":{"line":15,"column":3},"end":{"line":46,"column":null}},"line":15}},"branchMap":{"0":{"loc":{"start":{"line":25,"column":19},"end":{"line":25,"column":null}},"type":"binary-expr","locations":[{"start":{"line":25,"column":19},"end":{"line":25,"column":45}},{"start":{"line":25,"column":45},"end":{"line":25,"column":null}}],"line":25},"1":{"loc":{"start":{"line":31,"column":11},"end":{"line":34,"column":null}},"type":"binary-expr","locations":[{"start":{"line":31,"column":11},"end":{"line":31,"column":null}},{"start":{"line":32,"column":12},"end":{"line":34,"column":null}}],"line":31},"2":{"loc":{"start":{"line":36,"column":11},"end":{"line":39,"column":null}},"type":"binary-expr","locations":[{"start":{"line":36,"column":11},"end":{"line":36,"column":null}},{"start":{"line":37,"column":12},"end":{"line":39,"column":null}}],"line":36}},"s":{"0":91},"f":{"0":91},"b":{"0":[91,1],"1":[91,90],"2":[91,90]},"meta":{"lastBranch":3,"lastFunction":1,"lastStatement":1,"seen":{"f:7:24:7:39":0,"s:16:2:44:Infinity":0,"b:25:19:25:45:25:45:25:Infinity":0,"b:31:11:31:Infinity:32:12:34:Infinity":1,"b:36:11:36:Infinity:37:12:39:Infinity":2},"fnNames":{}}}
,"/Users/Alexander_Kharkevich/projects/kharkevich-engineering-lab/spark-pulse/.claude/worktrees/agent-a2c8f9c9927650735/web/src/components/CustomModDrawer.tsx": {"path":"/Users/Alexander_Kharkevich/projects/kharkevich-engineering-lab/spark-pulse/.claude/worktrees/agent-a2c8f9c9927650735/web/src/components/CustomModDrawer.tsx","statementMap":{"0":{"start":{"line":26,"column":28},"end":{"line":26,"column":null}},"1":{"start":{"line":27,"column":38},"end":{"line":27,"column":null}},"2":{"start":{"line":28,"column":26},"end":{"line":28,"column":null}},"3":{"start":{"line":29,"column":34},"end":{"line":29,"column":null}},"4":{"start":{"line":31,"column":2},"end":{"line":37,"column":null}},"5":{"start":{"line":32,"column":4},"end":{"line":36,"column":null}},"6":{"start":{"line":33,"column":6},"end":{"line":33,"column":null}},"7":{"start":{"line":34,"column":26},"end":{"line":34,"column":null}},"8":{"start":{"line":35,"column":6},"end":{"line":35,"column":null}},"9":{"start":{"line":39,"column":8},"end":{"line":45,"column":null}},"10":{"start":{"line":40,"column":4},"end":{"line":40,"column":null}},"11":{"start":{"line":40,"column":14},"end":{"line":40,"column":null}},"12":{"start":{"line":41,"column":4},"end":{"line":41,"column":null}},"13":{"start":{"line":42,"column":4},"end":{"line":44,"column":null}},"14":{"start":{"line":42,"column":10},"end":{"line":42,"column":48}},"15":{"start":{"line":42,"column":48},"end":{"line":42,"column":59}},"16":{"start":{"line":43,"column":16},"end":{"line":43,"column":76}},"17":{"start":{"line":44,"column":14},"end":{"line":44,"column":32}},"18":{"start":{"line":47,"column":8},"end":{"line":52,"column":null}},"19":{"start":{"line":48,"column":4},"end":{"line":48,"column":null}},"20":{"start":{"line":48,"column":14},"end":{"line":48,"column":null}},"21":{"start":{"line":49,"column":4},"end":{"line":51,"column":null}},"22":{"start":{"line":49,"column":10},"end":{"line":49,"column":34}},"23":{"start":{"line":49,"column":34},"end":{"line":49,"column":45}},"24":{"start":{"line":50,"column":16},"end":{"line":50,"column":78}},"25":{"start":{"line":51,"column":14},"end":{"line":51,"column":36}},"26":{"start":{"line":54,"column":27},"end":{"line":56,"column":null}},"27":{"start":{"line":55,"column":4},"end":{"line":55,"column":null}},"28":{"start":{"line":55,"column":22},"end":{"line":55,"column":null}},"29":{"start":{"line":55,"column":44},"end":{"line":55,"column":80}},"30":{"start":{"line":58,"column":2},"end":{"line":58,"column":null}},"31":{"start":{"line":58,"column":21},"end":{"line":58,"column":null}},"32":{"start":{"line":60,"column":19},"end":{"line":60,"column":null}},"33":{"start":{"line":62,"column":2},"end":{"line":149,"column":null}},"34":{"start":{"line":74,"column":47},"end":{"line":74,"column":null}},"35":{"start":{"line":97,"column":18},"end":{"line":104,"column":null}},"36":{"start":{"line":98,"column":43},"end":{"line":98,"column":null}},"37":{"start":{"line":118,"column":35},"end":{"line":118,"column":null}},"38":{"start":{"line":139,"column":29},"end":{"line":139,"column":null}}},"fnMap":{"0":{"name":"CustomModDrawer","decl":{"start":{"line":9,"column":24},"end":{"line":9,"column":40}},"loc":{"start":{"line":25,"column":3},"end":{"line":151,"column":null}},"line":25},"1":{"name":"(anonymous_1)","decl":{"start":{"line":31,"column":12},"end":{"line":31,"column":18}},"loc":{"start":{"line":31,"column":18},"end":{"line":37,"column":5}},"line":31},"2":{"name":"(anonymous_2)","decl":{"start":{"line":39,"column":33},"end":{"line":39,"column":45}},"loc":{"start":{"line":39,"column":45},"end":{"line":45,"column":5}},"line":39},"3":{"name":"(anonymous_3)","decl":{"start":{"line":47,"column":42},"end":{"line":47,"column":54}},"loc":{"start":{"line":47,"column":54},"end":{"line":52,"column":5}},"line":47},"4":{"name":"(anonymous_4)","decl":{"start":{"line":54,"column":27},"end":{"line":54,"column":28}},"loc":{"start":{"line":54,"column":47},"end":{"line":56,"column":null}},"line":54},"5":{"name":"(anonymous_5)","decl":{"start":{"line":55,"column":33},"end":{"line":55,"column":34}},"loc":{"start":{"line":55,"column":44},"end":{"line":55,"column":80}},"line":55},"6":{"name":"(anonymous_6)","decl":{"start":{"line":74,"column":41},"end":{"line":74,"column":47}},"loc":{"start":{"line":74,"column":47},"end":{"line":74,"column":null}},"line":74},"7":{"name":"(anonymous_7)","decl":{"start":{"line":96,"column":30},"end":{"line":96,"column":31}},"loc":{"start":{"line":97,"column":18},"end":{"line":104,"column":null}},"line":97},"8":{"name":"(anonymous_8)","decl":{"start":{"line":98,"column":37},"end":{"line":98,"column":43}},"loc":{"start":{"line":98,"column":43},"end":{"line":98,"column":null}},"line":98},"9":{"name":"(anonymous_9)","decl":{"start":{"line":118,"column":28},"end":{"line":118,"column":29}},"loc":{"start":{"line":118,"column":35},"end":{"line":118,"column":null}},"line":118},"10":{"name":"(anonymous_10)","decl":{"start":{"line":139,"column":23},"end":{"line":139,"column":29}},"loc":{"start":{"line":139,"column":29},"end":{"line":139,"column":null}},"line":139}},"branchMap":{"0":{"loc":{"start":{"line":32,"column":4},"end":{"line":36,"column":null}},"type":"if","locations":[{"start":{"line":32,"column":4},"end":{"line":36,"column":null}},{"start":{},"end":{}}],"line":32},"1":{"loc":{"start":{"line":32,"column":8},"end":{"line":32,"column":21}},"type":"binary-expr","locations":[{"start":{"line":32,"column":8},"end":{"line":32,"column":16}},{"start":{"line":32,"column":16},"end":{"line":32,"column":21}}],"line":32},"2":{"loc":{"start":{"line":34,"column":26},"end":{"line":34,"column":null}},"type":"cond-expr","locations":[{"start":{"line":34,"column":44},"end":{"line":34,"column":55}},{"start":{"line":34,"column":55},"end":{"line":34,"column":null}}],"line":34},"3":{"loc":{"start":{"line":34,"column":55},"end":{"line":34,"column":null}},"type":"binary-expr","locations":[{"start":{"line":34,"column":55},"end":{"line":34,"column":80}},{"start":{"line":34,"column":80},"end":{"line":34,"column":null}}],"line":34},"4":{"loc":{"start":{"line":40,"column":4},"end":{"line":40,"column":null}},"type":"if","locations":[{"start":{"line":40,"column":4},"end":{"line":40,"column":null}},{"start":{},"end":{}}],"line":40},"5":{"loc":{"start":{"line":43,"column":24},"end":{"line":43,"column":73}},"type":"cond-expr","locations":[{"start":{"line":43,"column":45},"end":{"line":43,"column":57}},{"start":{"line":43,"column":57},"end":{"line":43,"column":73}}],"line":43},"6":{"loc":{"start":{"line":48,"column":4},"end":{"line":48,"column":null}},"type":"if","locations":[{"start":{"line":48,"column":4},"end":{"line":48,"column":null}},{"start":{},"end":{}}],"line":48},"7":{"loc":{"start":{"line":50,"column":24},"end":{"line":50,"column":75}},"type":"cond-expr","locations":[{"start":{"line":50,"column":45},"end":{"line":50,"column":57}},{"start":{"line":50,"column":57},"end":{"line":50,"column":75}}],"line":50},"8":{"loc":{"start":{"line":55,"column":4},"end":{"line":55,"column":null}},"type":"if","locations":[{"start":{"line":55,"column":4},"end":{"line":55,"column":null}},{"start":{},"end":{}}],"line":55},"9":{"loc":{"start":{"line":58,"column":2},"end":{"line":58,"column":null}},"type":"if","locations":[{"start":{"line":58,"column":2},"end":{"line":58,"column":null}},{"start":{},"end":{}}],"line":58},"10":{"loc":{"start":{"line":58,"column":6},"end":{"line":58,"column":21}},"type":"binary-expr","locations":[{"start":{"line":58,"column":6},"end":{"line":58,"column":15}},{"start":{"line":58,"column":15},"end":{"line":58,"column":21}}],"line":58},"11":{"loc":{"start":{"line":69,"column":11},"end":{"line":69,"column":null}},"type":"binary-expr","locations":[{"start":{"line":69,"column":11},"end":{"line":69,"column":30}},{"start":{"line":69,"column":30},"end":{"line":69,"column":null}}],"line":69},"12":{"loc":{"start":{"line":81,"column":13},"end":{"line":81,"column":null}},"type":"cond-expr","locations":[{"start":{"line":81,"column":22},"end":{"line":81,"column":36}},{"start":{"line":81,"column":36},"end":{"line":81,"column":null}}],"line":81},"13":{"loc":{"start":{"line":94,"column":13},"end":{"line":108,"column":null}},"type":"cond-expr","locations":[{"start":{"line":95,"column":14},"end":{"line":106,"column":null}},{"start":{"line":108,"column":14},"end":{"line":108,"column":null}}],"line":94},"14":{"loc":{"start":{"line":100,"column":24},"end":{"line":100,"column":null}},"type":"cond-expr","locations":[{"start":{"line":100,"column":45},"end":{"line":100,"column":76}},{"start":{"line":100,"column":76},"end":{"line":100,"column":null}}],"line":100},"15":{"loc":{"start":{"line":115,"column":15},"end":{"line":126,"column":null}},"type":"cond-expr","locations":[{"start":{"line":116,"column":16},"end":{"line":122,"column":null}},{"start":{"line":124,"column":16},"end":{"line":126,"column":null}}],"line":115},"16":{"loc":{"start":{"line":117,"column":25},"end":{"line":117,"column":null}},"type":"binary-expr","locations":[{"start":{"line":117,"column":25},"end":{"line":117,"column":50}},{"start":{"line":117,"column":50},"end":{"line":117,"column":null}}],"line":117},"17":{"loc":{"start":{"line":134,"column":7},"end":{"line":147,"column":null}},"type":"binary-expr","locations":[{"start":{"line":134,"column":7},"end":{"line":134,"column":21}},{"start":{"line":134,"column":21},"end":{"line":134,"column":null}},{"start":{"line":135,"column":8},"end":{"line":147,"column":null}}],"line":134}},"s":{"0":60,"1":60,"2":60,"3":60,"4":60,"5":14,"6":12,"7":12,"8":12,"9":60,"10":4,"11":0,"12":4,"13":4,"14":4,"15":3,"16":1,"17":4,"18":60,"19":3,"20":0,"21":3,"22":3,"23":2,"24":1,"25":3,"26":60,"27":20,"28":20,"29":20,"30":60,"31":2,"32":58,"33":58,"34":3,"35":75,"36":2,"37":20,"38":0},"f":{"0":60,"1":14,"2":4,"3":3,"4":20,"5":20,"6":3,"7":75,"8":2,"9":20,"10":0},"b":{"0":[12,2],"1":[14,13],"2":[10,2],"3":[2,1],"4":[0,4],"5":[1,0],"6":[0,3],"7":[1,0],"8":[20,0],"9":[2,58],"10":[60,59],"11":[58,58],"12":[4,54],"13":[45,13],"14":[45,30],"15":[45,13],"16":[45,2],"17":[60,3,3]},"meta":{"lastBranch":18,"lastFunction":11,"lastStatement":39,"seen":{"f:9:24:9:40":0,"s:26:28:26:Infinity":0,"s:27:38:27:Infinity":1,"s:28:26:28:Infinity":2,"s:29:34:29:Infinity":3,"s:31:2:37:Infinity":4,"f:31:12:31:18":1,"b:32:4:36:Infinity:undefined:undefined:undefined:undefined":0,"s:32:4:36:Infinity":5,"b:32:8:32:16:32:16:32:21":1,"s:33:6:33:Infinity":6,"s:34:26:34:Infinity":7,"b:34:44:34:55:34:55:34:Infinity":2,"b:34:55:34:80:34:80:34:Infinity":3,"s:35:6:35:Infinity":8,"s:39:8:45:Infinity":9,"f:39:33:39:45":2,"b:40:4:40:Infinity:undefined:undefined:undefined:undefined":4,"s:40:4:40:Infinity":10,"s:40:14:40:Infinity":11,"s:41:4:41:Infinity":12,"s:42:4:44:Infinity":13,"s:42:10:42:48":14,"s:42:48:42:59":15,"s:43:16:43:76":16,"b:43:45:43:57:43:57:43:73":5,"s:44:14:44:32":17,"s:47:8:52:Infinity":18,"f:47:42:47:54":3,"b:48:4:48:Infinity:undefined:undefined:undefined:undefined":6,"s:48:4:48:Infinity":19,"s:48:14:48:Infinity":20,"s:49:4:51:Infinity":21,"s:49:10:49:34":22,"s:49:34:49:45":23,"s:50:16:50:78":24,"b:50:45:50:57:50:57:50:75":7,"s:51:14:51:36":25,"s:54:27:56:Infinity":26,"f:54:27:54:28":4,"b:55:4:55:Infinity:undefined:undefined:undefined:undefined":8,"s:55:4:55:Infinity":27,"s:55:22:55:Infinity":28,"f:55:33:55:34":5,"s:55:44:55:80":29,"b:58:2:58:Infinity:undefined:undefined:undefined:undefined":9,"s:58:2:58:Infinity":30,"b:58:6:58:15:58:15:58:21":10,"s:58:21:58:Infinity":31,"s:60:19:60:Infinity":32,"s:62:2:149:Infinity":33,"b:69:11:69:30:69:30:69:Infinity":11,"f:74:41:74:47":6,"s:74:47:74:Infinity":34,"b:81:22:81:36:81:36:81:Infinity":12,"b:95:14:106:Infinity:108:14:108:Infinity":13,"f:96:30:96:31":7,"s:97:18:104:Infinity":35,"f:98:37:98:43":8,"s:98:43:98:Infinity":36,"b:100:45:100:76:100:76:100:Infinity":14,"b:116:16:122:Infinity:124:16:126:Infinity":15,"b:117:25:117:50:117:50:117:Infinity":16,"f:118:28:118:29":9,"s:118:35:118:Infinity":37,"b:134:7:134:21:134:21:134:Infinity:135:8:147:Infinity":17,"f:139:23:139:29":10,"s:139:29:139:Infinity":38},"fnNames":{}}}
,"/Users/Alexander_Kharkevich/projects/kharkevich-engineering-lab/spark-pulse/.claude/worktrees/agent-a2c8f9c9927650735/web/src/components/CustomRecipeDrawer.tsx": {"path":"/Users/Alexander_Kharkevich/projects/kharkevich-engineering-lab/spark-pulse/.claude/worktrees/agent-a2c8f9c9927650735/web/src/components/CustomRecipeDrawer.tsx","statementMap":{"0":{"start":{"line":26,"column":28},"end":{"line":26,"column":null}},"1":{"start":{"line":27,"column":42},"end":{"line":27,"column":null}},"2":{"start":{"line":28,"column":26},"end":{"line":28,"column":null}},"3":{"start":{"line":29,"column":34},"end":{"line":29,"column":null}},"4":{"start":{"line":30,"column":32},"end":{"line":30,"column":null}},"5":{"start":{"line":31,"column":8},"end":{"line":31,"column":null}},"6":{"start":{"line":32,"column":8},"end":{"line":32,"column":null}},"7":{"start":{"line":34,"column":2},"end":{"line":36,"column":null}},"8":{"start":{"line":35,"column":4},"end":{"line":35,"column":null}},"9":{"start":{"line":39,"column":2},"end":{"line":59,"column":null}},"10":{"start":{"line":40,"column":4},"end":{"line":44,"column":null}},"11":{"start":{"line":41,"column":6},"end":{"line":41,"column":null}},"12":{"start":{"line":42,"column":6},"end":{"line":42,"column":null}},"13":{"start":{"line":43,"column":6},"end":{"line":43,"column":null}},"14":{"start":{"line":46,"column":20},"end":{"line":46,"column":null}},"15":{"start":{"line":47,"column":4},"end":{"line":47,"column":null}},"16":{"start":{"line":48,"column":4},"end":{"line":57,"column":null}},"17":{"start":{"line":49,"column":6},"end":{"line":56,"column":null}},"18":{"start":{"line":50,"column":21},"end":{"line":50,"column":null}},"19":{"start":{"line":51,"column":8},"end":{"line":51,"column":null}},"20":{"start":{"line":51,"column":24},"end":{"line":51,"column":null}},"21":{"start":{"line":53,"column":8},"end":{"line":53,"column":null}},"22":{"start":{"line":53,"column":24},"end":{"line":53,"column":null}},"23":{"start":{"line":55,"column":8},"end":{"line":55,"column":null}},"24":{"start":{"line":55,"column":24},"end":{"line":55,"column":null}},"25":{"start":{"line":58,"column":4},"end":{"line":58,"column":null}},"26":{"start":{"line":58,"column":19},"end":{"line":58,"column":37}},"27":{"start":{"line":61,"column":8},"end":{"line":67,"column":null}},"28":{"start":{"line":62,"column":4},"end":{"line":62,"column":null}},"29":{"start":{"line":62,"column":36},"end":{"line":62,"column":null}},"30":{"start":{"line":63,"column":4},"end":{"line":63,"column":null}},"31":{"start":{"line":64,"column":4},"end":{"line":66,"column":null}},"32":{"start":{"line":64,"column":10},"end":{"line":64,"column":44}},"33":{"start":{"line":64,"column":44},"end":{"line":64,"column":55}},"34":{"start":{"line":65,"column":16},"end":{"line":65,"column":76}},"35":{"start":{"line":66,"column":14},"end":{"line":66,"column":32}},"36":{"start":{"line":69,"column":8},"end":{"line":74,"column":null}},"37":{"start":{"line":70,"column":4},"end":{"line":70,"column":null}},"38":{"start":{"line":70,"column":17},"end":{"line":70,"column":null}},"39":{"start":{"line":71,"column":4},"end":{"line":73,"column":null}},"40":{"start":{"line":71,"column":10},"end":{"line":71,"column":37}},"41":{"start":{"line":71,"column":37},"end":{"line":71,"column":48}},"42":{"start":{"line":72,"column":16},"end":{"line":72,"column":78}},"43":{"start":{"line":73,"column":14},"end":{"line":73,"column":36}},"44":{"start":{"line":76,"column":27},"end":{"line":84,"column":null}},"45":{"start":{"line":77,"column":17},"end":{"line":77,"column":null}},"46":{"start":{"line":78,"column":4},"end":{"line":78,"column":null}},"47":{"start":{"line":78,"column":26},"end":{"line":78,"column":null}},"48":{"start":{"line":79,"column":4},"end":{"line":79,"column":null}},"49":{"start":{"line":79,"column":35},"end":{"line":79,"column":72}},"50":{"start":{"line":79,"column":72},"end":{"line":79,"column":80}},"51":{"start":{"line":80,"column":4},"end":{"line":80,"column":null}},"52":{"start":{"line":81,"column":4},"end":{"line":83,"column":null}},"53":{"start":{"line":81,"column":10},"end":{"line":81,"column":41}},"54":{"start":{"line":82,"column":12},"end":{"line":82,"column":44}},"55":{"start":{"line":83,"column":14},"end":{"line":83,"column":35}},"56":{"start":{"line":83,"column":35},"end":{"line":83,"column":56}},"57":{"start":{"line":86,"column":2},"end":{"line":86,"column":null}},"58":{"start":{"line":86,"column":24},"end":{"line":86,"column":null}},"59":{"start":{"line":88,"column":2},"end":{"line":150,"column":null}},"60":{"start":{"line":100,"column":47},"end":{"line":100,"column":null}},"61":{"start":{"line":105,"column":47},"end":{"line":105,"column":78}},"62":{"start":{"line":125,"column":69},"end":{"line":125,"column":null}},"63":{"start":{"line":140,"column":29},"end":{"line":140,"column":null}}},"fnMap":{"0":{"name":"CustomRecipeDrawer","decl":{"start":{"line":11,"column":24},"end":{"line":11,"column":43}},"loc":{"start":{"line":25,"column":3},"end":{"line":152,"column":null}},"line":25},"1":{"name":"(anonymous_1)","decl":{"start":{"line":34,"column":12},"end":{"line":34,"column":18}},"loc":{"start":{"line":34,"column":18},"end":{"line":36,"column":5}},"line":34},"2":{"name":"(anonymous_2)","decl":{"start":{"line":39,"column":12},"end":{"line":39,"column":18}},"loc":{"start":{"line":39,"column":18},"end":{"line":59,"column":5}},"line":39},"3":{"name":"(anonymous_3)","decl":{"start":{"line":48,"column":10},"end":{"line":48,"column":22}},"loc":{"start":{"line":48,"column":22},"end":{"line":57,"column":7}},"line":48},"4":{"name":"(anonymous_4)","decl":{"start":{"line":58,"column":11},"end":{"line":58,"column":17}},"loc":{"start":{"line":58,"column":17},"end":{"line":58,"column":null}},"line":58},"5":{"name":"(anonymous_5)","decl":{"start":{"line":61,"column":33},"end":{"line":61,"column":45}},"loc":{"start":{"line":61,"column":45},"end":{"line":67,"column":5}},"line":61},"6":{"name":"(anonymous_6)","decl":{"start":{"line":69,"column":42},"end":{"line":69,"column":54}},"loc":{"start":{"line":69,"column":54},"end":{"line":74,"column":5}},"line":69},"7":{"name":"(anonymous_7)","decl":{"start":{"line":76,"column":27},"end":{"line":76,"column":34}},"loc":{"start":{"line":76,"column":77},"end":{"line":84,"column":null}},"line":76},"8":{"name":"(anonymous_8)","decl":{"start":{"line":100,"column":41},"end":{"line":100,"column":47}},"loc":{"start":{"line":100,"column":47},"end":{"line":100,"column":null}},"line":100},"9":{"name":"(anonymous_9)","decl":{"start":{"line":105,"column":41},"end":{"line":105,"column":47}},"loc":{"start":{"line":105,"column":47},"end":{"line":105,"column":78}},"line":105},"10":{"name":"(anonymous_10)","decl":{"start":{"line":125,"column":20},"end":{"line":125,"column":21}},"loc":{"start":{"line":125,"column":69},"end":{"line":125,"column":null}},"line":125},"11":{"name":"(anonymous_11)","decl":{"start":{"line":140,"column":23},"end":{"line":140,"column":29}},"loc":{"start":{"line":140,"column":29},"end":{"line":140,"column":null}},"line":140}},"branchMap":{"0":{"loc":{"start":{"line":40,"column":4},"end":{"line":44,"column":null}},"type":"if","locations":[{"start":{"line":40,"column":4},"end":{"line":44,"column":null}},{"start":{},"end":{}}],"line":40},"1":{"loc":{"start":{"line":40,"column":8},"end":{"line":40,"column":26}},"type":"binary-expr","locations":[{"start":{"line":40,"column":8},"end":{"line":40,"column":17}},{"start":{"line":40,"column":17},"end":{"line":40,"column":26}}],"line":40},"2":{"loc":{"start":{"line":51,"column":8},"end":{"line":51,"column":null}},"type":"if","locations":[{"start":{"line":51,"column":8},"end":{"line":51,"column":null}},{"start":{},"end":{}}],"line":51},"3":{"loc":{"start":{"line":53,"column":8},"end":{"line":53,"column":null}},"type":"if","locations":[{"start":{"line":53,"column":8},"end":{"line":53,"column":null}},{"start":{},"end":{}}],"line":53},"4":{"loc":{"start":{"line":53,"column":43},"end":{"line":53,"column":99}},"type":"cond-expr","locations":[{"start":{"line":53,"column":64},"end":{"line":53,"column":76}},{"start":{"line":53,"column":76},"end":{"line":53,"column":99}}],"line":53},"5":{"loc":{"start":{"line":55,"column":8},"end":{"line":55,"column":null}},"type":"if","locations":[{"start":{"line":55,"column":8},"end":{"line":55,"column":null}},{"start":{},"end":{}}],"line":55},"6":{"loc":{"start":{"line":62,"column":4},"end":{"line":62,"column":null}},"type":"if","locations":[{"start":{"line":62,"column":4},"end":{"line":62,"column":null}},{"start":{},"end":{}}],"line":62},"7":{"loc":{"start":{"line":62,"column":8},"end":{"line":62,"column":36}},"type":"binary-expr","locations":[{"start":{"line":62,"column":8},"end":{"line":62,"column":19}},{"start":{"line":62,"column":19},"end":{"line":62,"column":36}}],"line":62},"8":{"loc":{"start":{"line":65,"column":24},"end":{"line":65,"column":73}},"type":"cond-expr","locations":[{"start":{"line":65,"column":45},"end":{"line":65,"column":57}},{"start":{"line":65,"column":57},"end":{"line":65,"column":73}}],"line":65},"9":{"loc":{"start":{"line":70,"column":4},"end":{"line":70,"column":null}},"type":"if","locations":[{"start":{"line":70,"column":4},"end":{"line":70,"column":null}},{"start":{},"end":{}}],"line":70},"10":{"loc":{"start":{"line":72,"column":24},"end":{"line":72,"column":75}},"type":"cond-expr","locations":[{"start":{"line":72,"column":45},"end":{"line":72,"column":57}},{"start":{"line":72,"column":57},"end":{"line":72,"column":75}}],"line":72},"11":{"loc":{"start":{"line":78,"column":4},"end":{"line":78,"column":null}},"type":"if","locations":[{"start":{"line":78,"column":4},"end":{"line":78,"column":null}},{"start":{},"end":{}}],"line":78},"12":{"loc":{"start":{"line":78,"column":8},"end":{"line":78,"column":26}},"type":"binary-expr","locations":[{"start":{"line":78,"column":8},"end":{"line":78,"column":17}},{"start":{"line":78,"column":17},"end":{"line":78,"column":26}}],"line":78},"13":{"loc":{"start":{"line":79,"column":4},"end":{"line":79,"column":null}},"type":"if","locations":[{"start":{"line":79,"column":4},"end":{"line":79,"column":null}},{"start":{},"end":{}}],"line":79},"14":{"loc":{"start":{"line":86,"column":2},"end":{"line":86,"column":null}},"type":"if","locations":[{"start":{"line":86,"column":2},"end":{"line":86,"column":null}},{"start":{},"end":{}}],"line":86},"15":{"loc":{"start":{"line":86,"column":6},"end":{"line":86,"column":24}},"type":"binary-expr","locations":[{"start":{"line":86,"column":6},"end":{"line":86,"column":15}},{"start":{"line":86,"column":15},"end":{"line":86,"column":24}}],"line":86},"16":{"loc":{"start":{"line":109,"column":63},"end":{"line":109,"column":null}},"type":"binary-expr","locations":[{"start":{"line":109,"column":63},"end":{"line":109,"column":73}},{"start":{"line":109,"column":73},"end":{"line":109,"column":92}},{"start":{"line":109,"column":92},"end":{"line":109,"column":null}}],"line":109},"17":{"loc":{"start":{"line":112,"column":13},"end":{"line":112,"column":null}},"type":"cond-expr","locations":[{"start":{"line":112,"column":22},"end":{"line":112,"column":36}},{"start":{"line":112,"column":36},"end":{"line":112,"column":null}}],"line":112},"18":{"loc":{"start":{"line":135,"column":7},"end":{"line":148,"column":null}},"type":"binary-expr","locations":[{"start":{"line":135,"column":7},"end":{"line":135,"column":21}},{"start":{"line":135,"column":21},"end":{"line":135,"column":null}},{"start":{"line":136,"column":8},"end":{"line":148,"column":null}}],"line":135}},"s":{"0":80,"1":80,"2":80,"3":80,"4":80,"5":80,"6":80,"7":80,"8":16,"9":80,"10":15,"11":2,"12":2,"13":2,"14":13,"15":13,"16":13,"17":13,"18":13,"19":11,"20":11,"21":2,"22":2,"23":13,"24":13,"25":13,"26":13,"27":80,"28":3,"29":0,"30":3,"31":3,"32":3,"33":2,"34":1,"35":3,"36":80,"37":3,"38":0,"39":3,"40":3,"41":2,"42":1,"43":3,"44":80,"45":2,"46":2,"47":0,"48":2,"49":1,"50":1,"51":1,"52":1,"53":1,"54":0,"55":1,"56":1,"57":80,"58":2,"59":78,"60":3,"61":0,"62":27,"63":0},"f":{"0":80,"1":16,"2":15,"3":13,"4":13,"5":3,"6":3,"7":2,"8":3,"9":0,"10":27,"11":0},"b":{"0":[2,13],"1":[15,14],"2":[11,0],"3":[2,0],"4":[2,0],"5":[13,0],"6":[0,3],"7":[3,3],"8":[1,0],"9":[0,3],"10":[1,0],"11":[0,2],"12":[2,2],"13":[1,1],"14":[2,78],"15":[80,79],"16":[78,75,45],"17":[3,75],"18":[80,3,3]},"meta":{"lastBranch":19,"lastFunction":12,"lastStatement":64,"seen":{"f:11:24:11:43":0,"s:26:28:26:Infinity":0,"s:27:42:27:Infinity":1,"s:28:26:28:Infinity":2,"s:29:34:29:Infinity":3,"s:30:32:30:Infinity":4,"s:31:8:31:Infinity":5,"s:32:8:32:Infinity":6,"s:34:2:36:Infinity":7,"f:34:12:34:18":1,"s:35:4:35:Infinity":8,"s:39:2:59:Infinity":9,"f:39:12:39:18":2,"b:40:4:44:Infinity:undefined:undefined:undefined:undefined":0,"s:40:4:44:Infinity":10,"b:40:8:40:17:40:17:40:26":1,"s:41:6:41:Infinity":11,"s:42:6:42:Infinity":12,"s:43:6:43:Infinity":13,"s:46:20:46:Infinity":14,"s:47:4:47:Infinity":15,"s:48:4:57:Infinity":16,"f:48:10:48:22":3,"s:49:6:56:Infinity":17,"s:50:21:50:Infinity":18,"b:51:8:51:Infinity:undefined:undefined:undefined:undefined":2,"s:51:8:51:Infinity":19,"s:51:24:51:Infinity":20,"b:53:8:53:Infinity:undefined:undefined:undefined:undefined":3,"s:53:8:53:Infinity":21,"s:53:24:53:Infinity":22,"b:53:64:53:76:53:76:53:99":4,"b:55:8:55:Infinity:undefined:undefined:undefined:undefined":5,"s:55:8:55:Infinity":23,"s:55:24:55:Infinity":24,"s:58:4:58:Infinity":25,"f:58:11:58:17":4,"s:58:19:58:37":26,"s:61:8:67:Infinity":27,"f:61:33:61:45":5,"b:62:4:62:Infinity:undefined:undefined:undefined:undefined":6,"s:62:4:62:Infinity":28,"b:62:8:62:19:62:19:62:36":7,"s:62:36:62:Infinity":29,"s:63:4:63:Infinity":30,"s:64:4:66:Infinity":31,"s:64:10:64:44":32,"s:64:44:64:55":33,"s:65:16:65:76":34,"b:65:45:65:57:65:57:65:73":8,"s:66:14:66:32":35,"s:69:8:74:Infinity":36,"f:69:42:69:54":6,"b:70:4:70:Infinity:undefined:undefined:undefined:undefined":9,"s:70:4:70:Infinity":37,"s:70:17:70:Infinity":38,"s:71:4:73:Infinity":39,"s:71:10:71:37":40,"s:71:37:71:48":41,"s:72:16:72:78":42,"b:72:45:72:57:72:57:72:75":10,"s:73:14:73:36":43,"s:76:27:84:Infinity":44,"f:76:27:76:34":7,"s:77:17:77:Infinity":45,"b:78:4:78:Infinity:undefined:undefined:undefined:undefined":11,"s:78:4:78:Infinity":46,"b:78:8:78:17:78:17:78:26":12,"s:78:26:78:Infinity":47,"b:79:4:79:Infinity:undefined:undefined:undefined:undefined":13,"s:79:4:79:Infinity":48,"s:79:35:79:72":49,"s:79:72:79:80":50,"s:80:4:80:Infinity":51,"s:81:4:83:Infinity":52,"s:81:10:81:41":53,"s:82:12:82:44":54,"s:83:14:83:35":55,"s:83:35:83:56":56,"b:86:2:86:Infinity:undefined:undefined:undefined:undefined":14,"s:86:2:86:Infinity":57,"b:86:6:86:15:86:15:86:24":15,"s:86:24:86:Infinity":58,"s:88:2:150:Infinity":59,"f:100:41:100:47":8,"s:100:47:100:Infinity":60,"f:105:41:105:47":9,"s:105:47:105:78":61,"b:109:63:109:73:109:73:109:92:109:92:109:Infinity":16,"b:112:22:112:36:112:36:112:Infinity":17,"f:125:20:125:21":10,"s:125:69:125:Infinity":62,"b:135:7:135:21:135:21:135:Infinity:136:8:148:Infinity":18,"f:140:23:140:29":11,"s:140:29:140:Infinity":63},"fnNames":{}}}
,"/Users/Alexander_Kharkevich/projects/kharkevich-engineering-lab/spark-pulse/.claude/worktrees/agent-a2c8f9c9927650735/web/src/components/DeployOptions.tsx": {"path":"/Users/Alexander_Kharkevich/projects/kharkevich-engineering-lab/spark-pulse/.claude/worktrees/agent-a2c8f9c9927650735/web/src/components/DeployOptions.tsx","statementMap":{"0":{"start":{"line":37,"column":18},"end":{"line":37,"column":null}},"1":{"start":{"line":38,"column":2},"end":{"line":38,"column":null}},"2":{"start":{"line":38,"column":16},"end":{"line":38,"column":null}},"3":{"start":{"line":39,"column":2},"end":{"line":43,"column":null}},"4":{"start":{"line":40,"column":5},"end":{"line":42,"column":null}},"5":{"start":{"line":54,"column":15},"end":{"line":56,"column":null}},"6":{"start":{"line":57,"column":2},"end":{"line":57,"column":null}},"7":{"start":{"line":76,"column":18},"end":{"line":76,"column":null}},"8":{"start":{"line":76,"column":67},"end":{"line":76,"column":80}},"9":{"start":{"line":77,"column":21},"end":{"line":77,"column":null}},"10":{"start":{"line":79,"column":2},"end":{"line":92,"column":null}},"11":{"start":{"line":80,"column":19},"end":{"line":80,"column":28}},"12":{"start":{"line":82,"column":23},"end":{"line":82,"column":null}},"13":{"start":{"line":83,"column":6},"end":{"line":85,"column":null}},"14":{"start":{"line":84,"column":8},"end":{"line":84,"column":null}},"15":{"start":{"line":86,"column":24},"end":{"line":86,"column":null}},"16":{"start":{"line":87,"column":6},"end":{"line":91,"column":null}},"17":{"start":{"line":101,"column":2},"end":{"line":103,"column":null}},"18":{"start":{"line":102,"column":4},"end":{"line":102,"column":null}},"19":{"start":{"line":104,"column":15},"end":{"line":104,"column":null}},"20":{"start":{"line":105,"column":2},"end":{"line":105,"column":null}},"21":{"start":{"line":110,"column":2},"end":{"line":112,"column":null}},"22":{"start":{"line":111,"column":19},"end":{"line":111,"column":30}},"23":{"start":{"line":112,"column":16},"end":{"line":112,"column":24}},"24":{"start":{"line":124,"column":28},"end":{"line":124,"column":null}},"25":{"start":{"line":125,"column":26},"end":{"line":125,"column":null}},"26":{"start":{"line":126,"column":24},"end":{"line":126,"column":null}},"27":{"start":{"line":127,"column":40},"end":{"line":127,"column":null}},"28":{"start":{"line":128,"column":22},"end":{"line":128,"column":null}},"29":{"start":{"line":129,"column":32},"end":{"line":129,"column":null}},"30":{"start":{"line":130,"column":30},"end":{"line":130,"column":null}},"31":{"start":{"line":131,"column":32},"end":{"line":131,"column":null}},"32":{"start":{"line":132,"column":22},"end":{"line":132,"column":null}},"33":{"start":{"line":134,"column":2},"end":{"line":144,"column":null}},"34":{"start":{"line":135,"column":4},"end":{"line":137,"column":null}},"35":{"start":{"line":136,"column":19},"end":{"line":136,"column":40}},"36":{"start":{"line":137,"column":19},"end":{"line":137,"column":33}},"37":{"start":{"line":138,"column":4},"end":{"line":140,"column":null}},"38":{"start":{"line":139,"column":19},"end":{"line":139,"column":56}},"39":{"start":{"line":139,"column":46},"end":{"line":139,"column":54}},"40":{"start":{"line":140,"column":19},"end":{"line":140,"column":32}},"41":{"start":{"line":141,"column":4},"end":{"line":143,"column":null}},"42":{"start":{"line":143,"column":19},"end":{"line":143,"column":31}},"43":{"start":{"line":146,"column":8},"end":{"line":146,"column":null}},"44":{"start":{"line":146,"column":32},"end":{"line":146,"column":64}},"45":{"start":{"line":147,"column":8},"end":{"line":147,"column":null}},"46":{"start":{"line":147,"column":34},"end":{"line":147,"column":70}},"47":{"start":{"line":147,"column":56},"end":{"line":147,"column":67}},"48":{"start":{"line":148,"column":8},"end":{"line":148,"column":null}},"49":{"start":{"line":148,"column":36},"end":{"line":148,"column":73}},"50":{"start":{"line":148,"column":58},"end":{"line":148,"column":70}},"51":{"start":{"line":153,"column":8},"end":{"line":153,"column":null}},"52":{"start":{"line":153,"column":36},"end":{"line":153,"column":75}},"53":{"start":{"line":153,"column":54},"end":{"line":153,"column":72}},"54":{"start":{"line":154,"column":8},"end":{"line":154,"column":null}},"55":{"start":{"line":154,"column":35},"end":{"line":154,"column":77}},"56":{"start":{"line":154,"column":55},"end":{"line":154,"column":74}},"57":{"start":{"line":155,"column":8},"end":{"line":155,"column":null}},"58":{"start":{"line":155,"column":42},"end":{"line":155,"column":70}},"59":{"start":{"line":156,"column":20},"end":{"line":156,"column":null}},"60":{"start":{"line":156,"column":49},"end":{"line":156,"column":81}},"61":{"start":{"line":158,"column":21},"end":{"line":177,"column":null}},"62":{"start":{"line":159,"column":17},"end":{"line":159,"column":null}},"63":{"start":{"line":160,"column":4},"end":{"line":161,"column":null}},"64":{"start":{"line":160,"column":27},"end":{"line":160,"column":null}},"65":{"start":{"line":161,"column":9},"end":{"line":161,"column":null}},"66":{"start":{"line":168,"column":18},"end":{"line":168,"column":null}},"67":{"start":{"line":168,"column":43},"end":{"line":168,"column":62}},"68":{"start":{"line":168,"column":75},"end":{"line":168,"column":84}},"69":{"start":{"line":169,"column":4},"end":{"line":172,"column":null}},"70":{"start":{"line":170,"column":6},"end":{"line":170,"column":null}},"71":{"start":{"line":171,"column":6},"end":{"line":171,"column":null}},"72":{"start":{"line":175,"column":20},"end":{"line":175,"column":null}},"73":{"start":{"line":176,"column":4},"end":{"line":176,"column":null}},"74":{"start":{"line":179,"column":18},"end":{"line":209,"column":null}},"75":{"start":{"line":180,"column":4},"end":{"line":180,"column":null}},"76":{"start":{"line":181,"column":4},"end":{"line":181,"column":null}},"77":{"start":{"line":182,"column":4},"end":{"line":182,"column":null}},"78":{"start":{"line":183,"column":4},"end":{"line":183,"column":null}},"79":{"start":{"line":184,"column":17},"end":{"line":190,"column":null}},"80":{"start":{"line":191,"column":4},"end":{"line":198,"column":null}},"81":{"start":{"line":192,"column":21},"end":{"line":192,"column":null}},"82":{"start":{"line":193,"column":6},"end":{"line":193,"column":null}},"83":{"start":{"line":195,"column":6},"end":{"line":195,"column":null}},"84":{"start":{"line":196,"column":6},"end":{"line":196,"column":null}},"85":{"start":{"line":197,"column":6},"end":{"line":197,"column":null}},"86":{"start":{"line":202,"column":4},"end":{"line":208,"column":null}},"87":{"start":{"line":203,"column":6},"end":{"line":203,"column":null}},"88":{"start":{"line":205,"column":6},"end":{"line":205,"column":null}},"89":{"start":{"line":207,"column":6},"end":{"line":207,"column":null}},"90":{"start":{"line":211,"column":2},"end":{"line":417,"column":null}},"91":{"start":{"line":215,"column":23},"end":{"line":215,"column":null}},"92":{"start":{"line":215,"column":38},"end":{"line":215,"column":40}},"93":{"start":{"line":232,"column":31},"end":{"line":232,"column":null}},"94":{"start":{"line":237,"column":16},"end":{"line":239,"column":null}},"95":{"start":{"line":246,"column":18},"end":{"line":255,"column":null}},"96":{"start":{"line":271,"column":31},"end":{"line":271,"column":null}},"97":{"start":{"line":276,"column":16},"end":{"line":276,"column":null}},"98":{"start":{"line":291,"column":16},"end":{"line":291,"column":null}},"99":{"start":{"line":292,"column":16},"end":{"line":292,"column":null}},"100":{"start":{"line":320,"column":18},"end":{"line":330,"column":null}},"101":{"start":{"line":325,"column":38},"end":{"line":325,"column":null}},"102":{"start":{"line":390,"column":16},"end":{"line":392,"column":null}}},"fnMap":{"0":{"name":"parseExtraArgs","decl":{"start":{"line":36,"column":16},"end":{"line":36,"column":31}},"loc":{"start":{"line":36,"column":54},"end":{"line":44,"column":null}},"line":36},"1":{"name":"(anonymous_1)","decl":{"start":{"line":39,"column":21},"end":{"line":39,"column":22}},"loc":{"start":{"line":40,"column":5},"end":{"line":42,"column":null}},"line":40},"2":{"name":"engineLabel","decl":{"start":{"line":53,"column":16},"end":{"line":53,"column":28}},"loc":{"start":{"line":53,"column":59},"end":{"line":58,"column":null}},"line":53},"3":{"name":"engineChoices","decl":{"start":{"line":75,"column":16},"end":{"line":75,"column":30}},"loc":{"start":{"line":75,"column":94},"end":{"line":93,"column":null}},"line":75},"4":{"name":"(anonymous_4)","decl":{"start":{"line":76,"column":60},"end":{"line":76,"column":61}},"loc":{"start":{"line":76,"column":67},"end":{"line":76,"column":80}},"line":76},"5":{"name":"(anonymous_5)","decl":{"start":{"line":80,"column":12},"end":{"line":80,"column":13}},"loc":{"start":{"line":80,"column":19},"end":{"line":80,"column":28}},"line":80},"6":{"name":"(anonymous_6)","decl":{"start":{"line":81,"column":9},"end":{"line":81,"column":10}},"loc":{"start":{"line":81,"column":21},"end":{"line":92,"column":5}},"line":81},"7":{"name":"describeImagePresence","decl":{"start":{"line":100,"column":16},"end":{"line":100,"column":38}},"loc":{"start":{"line":100,"column":108},"end":{"line":106,"column":null}},"line":100},"8":{"name":"eligibleEngines","decl":{"start":{"line":109,"column":16},"end":{"line":109,"column":32}},"loc":{"start":{"line":109,"column":97},"end":{"line":113,"column":null}},"line":109},"9":{"name":"(anonymous_9)","decl":{"start":{"line":111,"column":12},"end":{"line":111,"column":13}},"loc":{"start":{"line":111,"column":19},"end":{"line":111,"column":30}},"line":111},"10":{"name":"(anonymous_10)","decl":{"start":{"line":112,"column":9},"end":{"line":112,"column":10}},"loc":{"start":{"line":112,"column":16},"end":{"line":112,"column":24}},"line":112},"11":{"name":"DeployOptions","decl":{"start":{"line":115,"column":24},"end":{"line":115,"column":38}},"loc":{"start":{"line":123,"column":3},"end":{"line":419,"column":null}},"line":123},"12":{"name":"(anonymous_12)","decl":{"start":{"line":134,"column":12},"end":{"line":134,"column":18}},"loc":{"start":{"line":134,"column":18},"end":{"line":144,"column":5}},"line":134},"13":{"name":"(anonymous_13)","decl":{"start":{"line":136,"column":12},"end":{"line":136,"column":13}},"loc":{"start":{"line":136,"column":19},"end":{"line":136,"column":40}},"line":136},"14":{"name":"(anonymous_14)","decl":{"start":{"line":137,"column":13},"end":{"line":137,"column":19}},"loc":{"start":{"line":137,"column":19},"end":{"line":137,"column":33}},"line":137},"15":{"name":"(anonymous_15)","decl":{"start":{"line":139,"column":12},"end":{"line":139,"column":13}},"loc":{"start":{"line":139,"column":19},"end":{"line":139,"column":56}},"line":139},"16":{"name":"(anonymous_16)","decl":{"start":{"line":139,"column":35},"end":{"line":139,"column":36}},"loc":{"start":{"line":139,"column":46},"end":{"line":139,"column":54}},"line":139},"17":{"name":"(anonymous_17)","decl":{"start":{"line":140,"column":13},"end":{"line":140,"column":19}},"loc":{"start":{"line":140,"column":19},"end":{"line":140,"column":32}},"line":140},"18":{"name":"(anonymous_18)","decl":{"start":{"line":143,"column":13},"end":{"line":143,"column":19}},"loc":{"start":{"line":143,"column":19},"end":{"line":143,"column":31}},"line":143},"19":{"name":"(anonymous_19)","decl":{"start":{"line":146,"column":26},"end":{"line":146,"column":32}},"loc":{"start":{"line":146,"column":32},"end":{"line":146,"column":64}},"line":146},"20":{"name":"(anonymous_20)","decl":{"start":{"line":147,"column":28},"end":{"line":147,"column":34}},"loc":{"start":{"line":147,"column":34},"end":{"line":147,"column":70}},"line":147},"21":{"name":"(anonymous_21)","decl":{"start":{"line":147,"column":49},"end":{"line":147,"column":50}},"loc":{"start":{"line":147,"column":56},"end":{"line":147,"column":67}},"line":147},"22":{"name":"(anonymous_22)","decl":{"start":{"line":148,"column":30},"end":{"line":148,"column":36}},"loc":{"start":{"line":148,"column":36},"end":{"line":148,"column":73}},"line":148},"23":{"name":"(anonymous_23)","decl":{"start":{"line":148,"column":51},"end":{"line":148,"column":52}},"loc":{"start":{"line":148,"column":58},"end":{"line":148,"column":70}},"line":148},"24":{"name":"(anonymous_24)","decl":{"start":{"line":153,"column":30},"end":{"line":153,"column":36}},"loc":{"start":{"line":153,"column":36},"end":{"line":153,"column":75}},"line":153},"25":{"name":"(anonymous_25)","decl":{"start":{"line":153,"column":47},"end":{"line":153,"column":48}},"loc":{"start":{"line":153,"column":54},"end":{"line":153,"column":72}},"line":153},"26":{"name":"(anonymous_26)","decl":{"start":{"line":154,"column":29},"end":{"line":154,"column":35}},"loc":{"start":{"line":154,"column":35},"end":{"line":154,"column":77}},"line":154},"27":{"name":"(anonymous_27)","decl":{"start":{"line":154,"column":48},"end":{"line":154,"column":49}},"loc":{"start":{"line":154,"column":55},"end":{"line":154,"column":74}},"line":154},"28":{"name":"(anonymous_28)","decl":{"start":{"line":155,"column":36},"end":{"line":155,"column":42}},"loc":{"start":{"line":155,"column":42},"end":{"line":155,"column":70}},"line":155},"29":{"name":"(anonymous_29)","decl":{"start":{"line":156,"column":42},"end":{"line":156,"column":43}},"loc":{"start":{"line":156,"column":49},"end":{"line":156,"column":81}},"line":156},"30":{"name":"(anonymous_30)","decl":{"start":{"line":158,"column":21},"end":{"line":158,"column":22}},"loc":{"start":{"line":158,"column":42},"end":{"line":177,"column":null}},"line":158},"31":{"name":"(anonymous_31)","decl":{"start":{"line":168,"column":36},"end":{"line":168,"column":37}},"loc":{"start":{"line":168,"column":43},"end":{"line":168,"column":62}},"line":168},"32":{"name":"(anonymous_32)","decl":{"start":{"line":168,"column":68},"end":{"line":168,"column":69}},"loc":{"start":{"line":168,"column":75},"end":{"line":168,"column":84}},"line":168},"33":{"name":"(anonymous_33)","decl":{"start":{"line":179,"column":18},"end":{"line":179,"column":30}},"loc":{"start":{"line":179,"column":30},"end":{"line":209,"column":null}},"line":179},"34":{"name":"(anonymous_34)","decl":{"start":{"line":215,"column":17},"end":{"line":215,"column":23}},"loc":{"start":{"line":215,"column":23},"end":{"line":215,"column":null}},"line":215},"35":{"name":"(anonymous_35)","decl":{"start":{"line":215,"column":31},"end":{"line":215,"column":32}},"loc":{"start":{"line":215,"column":38},"end":{"line":215,"column":40}},"line":215},"36":{"name":"(anonymous_36)","decl":{"start":{"line":232,"column":24},"end":{"line":232,"column":25}},"loc":{"start":{"line":232,"column":31},"end":{"line":232,"column":null}},"line":232},"37":{"name":"(anonymous_37)","decl":{"start":{"line":236,"column":29},"end":{"line":236,"column":30}},"loc":{"start":{"line":237,"column":16},"end":{"line":239,"column":null}},"line":237},"38":{"name":"(anonymous_38)","decl":{"start":{"line":245,"column":33},"end":{"line":245,"column":34}},"loc":{"start":{"line":246,"column":18},"end":{"line":255,"column":null}},"line":246},"39":{"name":"(anonymous_39)","decl":{"start":{"line":271,"column":24},"end":{"line":271,"column":25}},"loc":{"start":{"line":271,"column":31},"end":{"line":271,"column":null}},"line":271},"40":{"name":"(anonymous_40)","decl":{"start":{"line":275,"column":26},"end":{"line":275,"column":27}},"loc":{"start":{"line":276,"column":16},"end":{"line":276,"column":null}},"line":276},"41":{"name":"(anonymous_41)","decl":{"start":{"line":290,"column":24},"end":{"line":290,"column":25}},"loc":{"start":{"line":290,"column":31},"end":{"line":293,"column":null}},"line":290},"42":{"name":"(anonymous_42)","decl":{"start":{"line":319,"column":32},"end":{"line":319,"column":33}},"loc":{"start":{"line":320,"column":18},"end":{"line":330,"column":null}},"line":320},"43":{"name":"(anonymous_43)","decl":{"start":{"line":325,"column":32},"end":{"line":325,"column":38}},"loc":{"start":{"line":325,"column":38},"end":{"line":325,"column":null}},"line":325},"44":{"name":"(anonymous_44)","decl":{"start":{"line":389,"column":33},"end":{"line":389,"column":34}},"loc":{"start":{"line":390,"column":16},"end":{"line":392,"column":null}},"line":390}},"branchMap":{"0":{"loc":{"start":{"line":38,"column":2},"end":{"line":38,"column":null}},"type":"if","locations":[{"start":{"line":38,"column":2},"end":{"line":38,"column":null}},{"start":{},"end":{}}],"line":38},"1":{"loc":{"start":{"line":40,"column":5},"end":{"line":42,"column":null}},"type":"cond-expr","locations":[{"start":{"line":41,"column":8},"end":{"line":41,"column":null}},{"start":{"line":42,"column":8},"end":{"line":42,"column":null}}],"line":40},"2":{"loc":{"start":{"line":40,"column":5},"end":{"line":40,"column":null}},"type":"binary-expr","locations":[{"start":{"line":40,"column":5},"end":{"line":40,"column":30}},{"start":{"line":40,"column":30},"end":{"line":40,"column":55}},{"start":{"line":40,"column":55},"end":{"line":40,"column":80}},{"start":{"line":40,"column":80},"end":{"line":40,"column":null}}],"line":40},"3":{"loc":{"start":{"line":54,"column":15},"end":{"line":56,"column":null}},"type":"cond-expr","locations":[{"start":{"line":55,"column":6},"end":{"line":55,"column":null}},{"start":{"line":56,"column":6},"end":{"line":56,"column":null}}],"line":54},"4":{"loc":{"start":{"line":54,"column":15},"end":{"line":54,"column":null}},"type":"binary-expr","locations":[{"start":{"line":54,"column":15},"end":{"line":54,"column":33}},{"start":{"line":54,"column":33},"end":{"line":54,"column":null}}],"line":54},"5":{"loc":{"start":{"line":76,"column":27},"end":{"line":76,"column":56}},"type":"binary-expr","locations":[{"start":{"line":76,"column":27},"end":{"line":76,"column":52}},{"start":{"line":76,"column":52},"end":{"line":76,"column":56}}],"line":76},"6":{"loc":{"start":{"line":77,"column":29},"end":{"line":77,"column":68}},"type":"binary-expr","locations":[{"start":{"line":77,"column":29},"end":{"line":77,"column":47}},{"start":{"line":77,"column":47},"end":{"line":77,"column":68}}],"line":77},"7":{"loc":{"start":{"line":83,"column":6},"end":{"line":85,"column":null}},"type":"if","locations":[{"start":{"line":83,"column":6},"end":{"line":85,"column":null}},{"start":{},"end":{}}],"line":83},"8":{"loc":{"start":{"line":86,"column":24},"end":{"line":86,"column":null}},"type":"binary-expr","locations":[{"start":{"line":86,"column":24},"end":{"line":86,"column":39}},{"start":{"line":86,"column":39},"end":{"line":86,"column":null}}],"line":86},"9":{"loc":{"start":{"line":90,"column":16},"end":{"line":90,"column":null}},"type":"cond-expr","locations":[{"start":{"line":90,"column":28},"end":{"line":90,"column":33}},{"start":{"line":90,"column":33},"end":{"line":90,"column":null}}],"line":90},"10":{"loc":{"start":{"line":101,"column":2},"end":{"line":103,"column":null}},"type":"if","locations":[{"start":{"line":101,"column":2},"end":{"line":103,"column":null}},{"start":{},"end":{}}],"line":101},"11":{"loc":{"start":{"line":102,"column":11},"end":{"line":102,"column":null}},"type":"cond-expr","locations":[{"start":{"line":102,"column":35},"end":{"line":102,"column":85}},{"start":{"line":102,"column":85},"end":{"line":102,"column":null}}],"line":102},"12":{"loc":{"start":{"line":104,"column":15},"end":{"line":104,"column":null}},"type":"cond-expr","locations":[{"start":{"line":104,"column":20},"end":{"line":104,"column":75}},{"start":{"line":104,"column":75},"end":{"line":104,"column":null}}],"line":104},"13":{"loc":{"start":{"line":155,"column":50},"end":{"line":155,"column":67}},"type":"binary-expr","locations":[{"start":{"line":155,"column":50},"end":{"line":155,"column":65}},{"start":{"line":155,"column":65},"end":{"line":155,"column":67}}],"line":155},"14":{"loc":{"start":{"line":160,"column":4},"end":{"line":161,"column":null}},"type":"if","locations":[{"start":{"line":160,"column":4},"end":{"line":161,"column":null}},{"start":{"line":161,"column":9},"end":{"line":161,"column":null}}],"line":160},"15":{"loc":{"start":{"line":169,"column":4},"end":{"line":172,"column":null}},"type":"if","locations":[{"start":{"line":169,"column":4},"end":{"line":172,"column":null}},{"start":{},"end":{}}],"line":169},"16":{"loc":{"start":{"line":175,"column":25},"end":{"line":175,"column":68}},"type":"cond-expr","locations":[{"start":{"line":175,"column":39},"end":{"line":175,"column":63}},{"start":{"line":175,"column":63},"end":{"line":175,"column":68}}],"line":175},"17":{"loc":{"start":{"line":186,"column":14},"end":{"line":186,"column":null}},"type":"binary-expr","locations":[{"start":{"line":186,"column":14},"end":{"line":186,"column":30}},{"start":{"line":186,"column":30},"end":{"line":186,"column":null}}],"line":186},"18":{"loc":{"start":{"line":187,"column":13},"end":{"line":187,"column":null}},"type":"binary-expr","locations":[{"start":{"line":187,"column":13},"end":{"line":187,"column":28}},{"start":{"line":187,"column":28},"end":{"line":187,"column":null}}],"line":187},"19":{"loc":{"start":{"line":188,"column":18},"end":{"line":188,"column":null}},"type":"binary-expr","locations":[{"start":{"line":188,"column":18},"end":{"line":188,"column":38}},{"start":{"line":188,"column":38},"end":{"line":188,"column":null}}],"line":188},"20":{"loc":{"start":{"line":189,"column":13},"end":{"line":189,"column":null}},"type":"cond-expr","locations":[{"start":{"line":189,"column":35},"end":{"line":189,"column":49}},{"start":{"line":189,"column":49},"end":{"line":189,"column":null}}],"line":189},"21":{"loc":{"start":{"line":195,"column":19},"end":{"line":195,"column":68}},"type":"cond-expr","locations":[{"start":{"line":195,"column":40},"end":{"line":195,"column":52}},{"start":{"line":195,"column":52},"end":{"line":195,"column":68}}],"line":195},"22":{"loc":{"start":{"line":219,"column":66},"end":{"line":219,"column":90}},"type":"cond-expr","locations":[{"start":{"line":219,"column":73},"end":{"line":219,"column":88}},{"start":{"line":219,"column":88},"end":{"line":219,"column":90}}],"line":219},"23":{"loc":{"start":{"line":223,"column":7},"end":{"line":415,"column":null}},"type":"binary-expr","locations":[{"start":{"line":223,"column":7},"end":{"line":223,"column":null}},{"start":{"line":224,"column":8},"end":{"line":415,"column":null}}],"line":223},"24":{"loc":{"start":{"line":231,"column":21},"end":{"line":231,"column":null}},"type":"binary-expr","locations":[{"start":{"line":231,"column":21},"end":{"line":231,"column":37}},{"start":{"line":231,"column":37},"end":{"line":231,"column":null}}],"line":231},"25":{"loc":{"start":{"line":232,"column":60},"end":{"line":232,"column":88}},"type":"binary-expr","locations":[{"start":{"line":232,"column":60},"end":{"line":232,"column":78}},{"start":{"line":232,"column":78},"end":{"line":232,"column":88}}],"line":232},"26":{"loc":{"start":{"line":243,"column":13},"end":{"line":257,"column":null}},"type":"binary-expr","locations":[{"start":{"line":243,"column":13},"end":{"line":243,"column":null}},{"start":{"line":244,"column":14},"end":{"line":257,"column":null}}],"line":243},"27":{"loc":{"start":{"line":253,"column":23},"end":{"line":253,"column":null}},"type":"cond-expr","locations":[{"start":{"line":253,"column":32},"end":{"line":253,"column":48}},{"start":{"line":253,"column":48},"end":{"line":253,"column":null}}],"line":253},"28":{"loc":{"start":{"line":269,"column":21},"end":{"line":269,"column":null}},"type":"binary-expr","locations":[{"start":{"line":269,"column":21},"end":{"line":269,"column":36}},{"start":{"line":269,"column":36},"end":{"line":269,"column":null}}],"line":269},"29":{"loc":{"start":{"line":270,"column":27},"end":{"line":270,"column":null}},"type":"binary-expr","locations":[{"start":{"line":270,"column":27},"end":{"line":270,"column":43}},{"start":{"line":270,"column":43},"end":{"line":270,"column":null}}],"line":270},"30":{"loc":{"start":{"line":271,"column":59},"end":{"line":271,"column":87}},"type":"binary-expr","locations":[{"start":{"line":271,"column":59},"end":{"line":271,"column":77}},{"start":{"line":271,"column":77},"end":{"line":271,"column":87}}],"line":271},"31":{"loc":{"start":{"line":299,"column":11},"end":{"line":344,"column":null}},"type":"binary-expr","locations":[{"start":{"line":299,"column":11},"end":{"line":299,"column":null}},{"start":{"line":300,"column":12},"end":{"line":344,"column":null}}],"line":299},"32":{"loc":{"start":{"line":309,"column":17},"end":{"line":317,"column":null}},"type":"binary-expr","locations":[{"start":{"line":309,"column":17},"end":{"line":309,"column":null}},{"start":{"line":310,"column":18},"end":{"line":317,"column":null}}],"line":309},"33":{"loc":{"start":{"line":334,"column":33},"end":{"line":334,"column":60}},"type":"cond-expr","locations":[{"start":{"line":334,"column":51},"end":{"line":334,"column":56}},{"start":{"line":334,"column":56},"end":{"line":334,"column":60}}],"line":334},"34":{"loc":{"start":{"line":336,"column":15},"end":{"line":342,"column":null}},"type":"binary-expr","locations":[{"start":{"line":336,"column":15},"end":{"line":336,"column":null}},{"start":{"line":337,"column":16},"end":{"line":342,"column":null}}],"line":336},"35":{"loc":{"start":{"line":353,"column":13},"end":{"line":353,"column":91}},"type":"cond-expr","locations":[{"start":{"line":353,"column":24},"end":{"line":353,"column":73}},{"start":{"line":353,"column":73},"end":{"line":353,"column":91}}],"line":353},"36":{"loc":{"start":{"line":357,"column":11},"end":{"line":361,"column":null}},"type":"binary-expr","locations":[{"start":{"line":357,"column":11},"end":{"line":357,"column":null}},{"start":{"line":358,"column":12},"end":{"line":361,"column":null}}],"line":357},"37":{"loc":{"start":{"line":364,"column":11},"end":{"line":413,"column":null}},"type":"binary-expr","locations":[{"start":{"line":364,"column":11},"end":{"line":364,"column":null}},{"start":{"line":365,"column":12},"end":{"line":413,"column":null}}],"line":364},"38":{"loc":{"start":{"line":374,"column":31},"end":{"line":374,"column":null}},"type":"cond-expr","locations":[{"start":{"line":374,"column":52},"end":{"line":374,"column":66}},{"start":{"line":374,"column":66},"end":{"line":374,"column":null}}],"line":374},"39":{"loc":{"start":{"line":378,"column":52},"end":{"line":378,"column":87}},"type":"binary-expr","locations":[{"start":{"line":378,"column":52},"end":{"line":378,"column":66}},{"start":{"line":378,"column":66},"end":{"line":378,"column":87}}],"line":378},"40":{"loc":{"start":{"line":381,"column":17},"end":{"line":385,"column":null}},"type":"binary-expr","locations":[{"start":{"line":381,"column":17},"end":{"line":381,"column":null}},{"start":{"line":382,"column":18},"end":{"line":385,"column":null}}],"line":381},"41":{"loc":{"start":{"line":395,"column":15},"end":{"line":395,"column":null}},"type":"binary-expr","locations":[{"start":{"line":395,"column":15},"end":{"line":395,"column":28}},{"start":{"line":395,"column":28},"end":{"line":395,"column":null}}],"line":395},"42":{"loc":{"start":{"line":407,"column":19},"end":{"line":407,"column":null}},"type":"cond-expr","locations":[{"start":{"line":407,"column":47},"end":{"line":407,"column":62}},{"start":{"line":407,"column":62},"end":{"line":407,"column":null}}],"line":407},"43":{"loc":{"start":{"line":408,"column":19},"end":{"line":408,"column":null}},"type":"cond-expr","locations":[{"start":{"line":408,"column":49},"end":{"line":408,"column":69}},{"start":{"line":408,"column":69},"end":{"line":408,"column":null}}],"line":408},"44":{"loc":{"start":{"line":409,"column":19},"end":{"line":409,"column":null}},"type":"cond-expr","locations":[{"start":{"line":409,"column":45},"end":{"line":409,"column":61}},{"start":{"line":409,"column":61},"end":{"line":409,"column":null}}],"line":409}},"s":{"0":6,"1":6,"2":1,"3":5,"4":8,"5":54,"6":54,"7":104,"8":12,"9":104,"10":104,"11":40,"12":39,"13":39,"14":8,"15":31,"16":39,"17":11,"18":2,"19":9,"20":11,"21":4,"22":7,"23":6,"24":156,"25":156,"26":156,"27":156,"28":156,"29":156,"30":156,"31":156,"32":156,"33":156,"34":52,"35":51,"36":1,"37":52,"38":51,"39":14,"40":1,"41":52,"42":1,"43":156,"44":98,"45":156,"46":98,"47":28,"48":156,"49":98,"50":28,"51":156,"52":98,"53":20,"54":156,"55":98,"56":29,"57":156,"58":56,"59":156,"60":29,"61":156,"62":6,"63":6,"64":1,"65":5,"66":6,"67":9,"68":6,"69":6,"70":1,"71":1,"72":5,"73":6,"74":156,"75":9,"76":9,"77":9,"78":9,"79":9,"80":9,"81":9,"82":8,"83":1,"84":1,"85":1,"86":8,"87":8,"88":1,"89":8,"90":156,"91":22,"92":22,"93":1,"94":50,"95":8,"96":1,"97":28,"98":3,"99":3,"100":20,"101":6,"102":8},"f":{"0":6,"1":8,"2":54,"3":104,"4":12,"5":40,"6":39,"7":11,"8":4,"9":7,"10":6,"11":156,"12":52,"13":51,"14":1,"15":51,"16":14,"17":1,"18":1,"19":98,"20":98,"21":28,"22":98,"23":28,"24":98,"25":20,"26":98,"27":29,"28":56,"29":29,"30":6,"31":9,"32":6,"33":9,"34":22,"35":22,"36":1,"37":50,"38":8,"39":1,"40":28,"41":3,"42":20,"43":6,"44":8},"b":{"0":[1,5],"1":[1,7],"2":[8,1,7,0],"3":[2,52],"4":[54,54],"5":[104,44],"6":[104,41],"7":[8,31],"8":[31,24],"9":[26,5],"10":[2,9],"11":[2,0],"12":[2,7],"13":[56,50],"14":[1,5],"15":[1,5],"16":[5,0],"17":[9,2],"18":[9,9],"19":[9,9],"20":[1,8],"21":[1,0],"22":[47,109],"23":[156,47],"24":[47,26],"25":[1,0],"26":[47,8],"27":[8,0],"28":[47,47],"29":[47,0],"30":[1,0],"31":[47,13],"32":[13,13],"33":[6,7],"34":[13,7],"35":[9,38],"36":[47,1],"37":[47,8],"38":[1,7],"39":[8,0],"40":[8,8],"41":[8,7],"42":[8,0],"43":[8,0],"44":[8,0]},"meta":{"lastBranch":45,"lastFunction":45,"lastStatement":103,"seen":{"f:36:16:36:31":0,"s:37:18:37:Infinity":0,"b:38:2:38:Infinity:undefined:undefined:undefined:undefined":0,"s:38:2:38:Infinity":1,"s:38:16:38:Infinity":2,"s:39:2:43:Infinity":3,"f:39:21:39:22":1,"s:40:5:42:Infinity":4,"b:41:8:41:Infinity:42:8:42:Infinity":1,"b:40:5:40:30:40:30:40:55:40:55:40:80:40:80:40:Infinity":2,"f:53:16:53:28":2,"s:54:15:56:Infinity":5,"b:55:6:55:Infinity:56:6:56:Infinity":3,"b:54:15:54:33:54:33:54:Infinity":4,"s:57:2:57:Infinity":6,"f:75:16:75:30":3,"s:76:18:76:Infinity":7,"b:76:27:76:52:76:52:76:56":5,"f:76:60:76:61":4,"s:76:67:76:80":8,"s:77:21:77:Infinity":9,"b:77:29:77:47:77:47:77:68":6,"s:79:2:92:Infinity":10,"f:80:12:80:13":5,"s:80:19:80:28":11,"f:81:9:81:10":6,"s:82:23:82:Infinity":12,"b:83:6:85:Infinity:undefined:undefined:undefined:undefined":7,"s:83:6:85:Infinity":13,"s:84:8:84:Infinity":14,"s:86:24:86:Infinity":15,"b:86:24:86:39:86:39:86:Infinity":8,"s:87:6:91:Infinity":16,"b:90:28:90:33:90:33:90:Infinity":9,"f:100:16:100:38":7,"b:101:2:103:Infinity:undefined:undefined:undefined:undefined":10,"s:101:2:103:Infinity":17,"s:102:4:102:Infinity":18,"b:102:35:102:85:102:85:102:Infinity":11,"s:104:15:104:Infinity":19,"b:104:20:104:75:104:75:104:Infinity":12,"s:105:2:105:Infinity":20,"f:109:16:109:32":8,"s:110:2:112:Infinity":21,"f:111:12:111:13":9,"s:111:19:111:30":22,"f:112:9:112:10":10,"s:112:16:112:24":23,"f:115:24:115:38":11,"s:124:28:124:Infinity":24,"s:125:26:125:Infinity":25,"s:126:24:126:Infinity":26,"s:127:40:127:Infinity":27,"s:128:22:128:Infinity":28,"s:129:32:129:Infinity":29,"s:130:30:130:Infinity":30,"s:131:32:131:Infinity":31,"s:132:22:132:Infinity":32,"s:134:2:144:Infinity":33,"f:134:12:134:18":12,"s:135:4:137:Infinity":34,"f:136:12:136:13":13,"s:136:19:136:40":35,"f:137:13:137:19":14,"s:137:19:137:33":36,"s:138:4:140:Infinity":37,"f:139:12:139:13":15,"s:139:19:139:56":38,"f:139:35:139:36":16,"s:139:46:139:54":39,"f:140:13:140:19":17,"s:140:19:140:32":40,"s:141:4:143:Infinity":41,"f:143:13:143:19":18,"s:143:19:143:31":42,"s:146:8:146:Infinity":43,"f:146:26:146:32":19,"s:146:32:146:64":44,"s:147:8:147:Infinity":45,"f:147:28:147:34":20,"s:147:34:147:70":46,"f:147:49:147:50":21,"s:147:56:147:67":47,"s:148:8:148:Infinity":48,"f:148:30:148:36":22,"s:148:36:148:73":49,"f:148:51:148:52":23,"s:148:58:148:70":50,"s:153:8:153:Infinity":51,"f:153:30:153:36":24,"s:153:36:153:75":52,"f:153:47:153:48":25,"s:153:54:153:72":53,"s:154:8:154:Infinity":54,"f:154:29:154:35":26,"s:154:35:154:77":55,"f:154:48:154:49":27,"s:154:55:154:74":56,"s:155:8:155:Infinity":57,"f:155:36:155:42":28,"s:155:42:155:70":58,"b:155:50:155:65:155:65:155:67":13,"s:156:20:156:Infinity":59,"f:156:42:156:43":29,"s:156:49:156:81":60,"s:158:21:177:Infinity":61,"f:158:21:158:22":30,"s:159:17:159:Infinity":62,"b:160:4:161:Infinity:161:9:161:Infinity":14,"s:160:4:161:Infinity":63,"s:160:27:160:Infinity":64,"s:161:9:161:Infinity":65,"s:168:18:168:Infinity":66,"f:168:36:168:37":31,"s:168:43:168:62":67,"f:168:68:168:69":32,"s:168:75:168:84":68,"b:169:4:172:Infinity:undefined:undefined:undefined:undefined":15,"s:169:4:172:Infinity":69,"s:170:6:170:Infinity":70,"s:171:6:171:Infinity":71,"s:175:20:175:Infinity":72,"b:175:39:175:63:175:63:175:68":16,"s:176:4:176:Infinity":73,"s:179:18:209:Infinity":74,"f:179:18:179:30":33,"s:180:4:180:Infinity":75,"s:181:4:181:Infinity":76,"s:182:4:182:Infinity":77,"s:183:4:183:Infinity":78,"s:184:17:190:Infinity":79,"b:186:14:186:30:186:30:186:Infinity":17,"b:187:13:187:28:187:28:187:Infinity":18,"b:188:18:188:38:188:38:188:Infinity":19,"b:189:35:189:49:189:49:189:Infinity":20,"s:191:4:198:Infinity":80,"s:192:21:192:Infinity":81,"s:193:6:193:Infinity":82,"s:195:6:195:Infinity":83,"b:195:40:195:52:195:52:195:68":21,"s:196:6:196:Infinity":84,"s:197:6:197:Infinity":85,"s:202:4:208:Infinity":86,"s:203:6:203:Infinity":87,"s:205:6:205:Infinity":88,"s:207:6:207:Infinity":89,"s:211:2:417:Infinity":90,"f:215:17:215:23":34,"s:215:23:215:Infinity":91,"f:215:31:215:32":35,"s:215:38:215:40":92,"b:219:73:219:88:219:88:219:90":22,"b:223:7:223:Infinity:224:8:415:Infinity":23,"b:231:21:231:37:231:37:231:Infinity":24,"f:232:24:232:25":36,"s:232:31:232:Infinity":93,"b:232:60:232:78:232:78:232:88":25,"f:236:29:236:30":37,"s:237:16:239:Infinity":94,"b:243:13:243:Infinity:244:14:257:Infinity":26,"f:245:33:245:34":38,"s:246:18:255:Infinity":95,"b:253:32:253:48:253:48:253:Infinity":27,"b:269:21:269:36:269:36:269:Infinity":28,"b:270:27:270:43:270:43:270:Infinity":29,"f:271:24:271:25":39,"s:271:31:271:Infinity":96,"b:271:59:271:77:271:77:271:87":30,"f:275:26:275:27":40,"s:276:16:276:Infinity":97,"f:290:24:290:25":41,"s:291:16:291:Infinity":98,"s:292:16:292:Infinity":99,"b:299:11:299:Infinity:300:12:344:Infinity":31,"b:309:17:309:Infinity:310:18:317:Infinity":32,"f:319:32:319:33":42,"s:320:18:330:Infinity":100,"f:325:32:325:38":43,"s:325:38:325:Infinity":101,"b:334:51:334:56:334:56:334:60":33,"b:336:15:336:Infinity:337:16:342:Infinity":34,"b:353:24:353:73:353:73:353:91":35,"b:357:11:357:Infinity:358:12:361:Infinity":36,"b:364:11:364:Infinity:365:12:413:Infinity":37,"b:374:52:374:66:374:66:374:Infinity":38,"b:378:52:378:66:378:66:378:87":39,"b:381:17:381:Infinity:382:18:385:Infinity":40,"f:389:33:389:34":44,"s:390:16:392:Infinity":102,"b:395:15:395:28:395:28:395:Infinity":41,"b:407:47:407:62:407:62:407:Infinity":42,"b:408:49:408:69:408:69:408:Infinity":43,"b:409:45:409:61:409:61:409:Infinity":44},"fnNames":{}}}
,"/Users/Alexander_Kharkevich/projects/kharkevich-engineering-lab/spark-pulse/.claude/worktrees/agent-a2c8f9c9927650735/web/src/components/EngineBadge.tsx": {"path":"/Users/Alexander_Kharkevich/projects/kharkevich-engineering-lab/spark-pulse/.claude/worktrees/agent-a2c8f9c9927650735/web/src/components/EngineBadge.tsx","statementMap":{"0":{"start":{"line":10,"column":39},"end":{"line":13,"column":null}},"1":{"start":{"line":17,"column":12},"end":{"line":17,"column":null}},"2":{"start":{"line":18,"column":16},"end":{"line":18,"column":null}},"3":{"start":{"line":19,"column":2},"end":{"line":24,"column":null}},"4":{"start":{"line":35,"column":2},"end":{"line":37,"column":null}},"5":{"start":{"line":36,"column":4},"end":{"line":36,"column":null}},"6":{"start":{"line":38,"column":2},"end":{"line":59,"column":null}},"7":{"start":{"line":41,"column":8},"end":{"line":57,"column":null}},"8":{"start":{"line":50,"column":33},"end":{"line":50,"column":34}},"9":{"start":{"line":51,"column":28},"end":{"line":51,"column":29}}},"fnMap":{"0":{"name":"EngineBadge","decl":{"start":{"line":16,"column":24},"end":{"line":16,"column":36}},"loc":{"start":{"line":16,"column":102},"end":{"line":26,"column":null}},"line":16},"1":{"name":"EngineList","decl":{"start":{"line":34,"column":16},"end":{"line":34,"column":27}},"loc":{"start":{"line":34,"column":72},"end":{"line":61,"column":null}},"line":34},"2":{"name":"(anonymous_2)","decl":{"start":{"line":40,"column":19},"end":{"line":40,"column":20}},"loc":{"start":{"line":41,"column":8},"end":{"line":57,"column":null}},"line":41},"3":{"name":"(anonymous_3)","decl":{"start":{"line":50,"column":22},"end":{"line":50,"column":23}},"loc":{"start":{"line":50,"column":33},"end":{"line":50,"column":34}},"line":50},"4":{"name":"(anonymous_4)","decl":{"start":{"line":51,"column":19},"end":{"line":51,"column":20}},"loc":{"start":{"line":51,"column":28},"end":{"line":51,"column":29}},"line":51}},"branchMap":{"0":{"loc":{"start":{"line":16,"column":66},"end":{"line":16,"column":81}},"type":"default-arg","locations":[{"start":{"line":16,"column":76},"end":{"line":16,"column":81}}],"line":16},"1":{"loc":{"start":{"line":17,"column":12},"end":{"line":17,"column":null}},"type":"cond-expr","locations":[{"start":{"line":17,"column":22},"end":{"line":17,"column":98}},{"start":{"line":17,"column":98},"end":{"line":17,"column":null}}],"line":17},"2":{"loc":{"start":{"line":17,"column":22},"end":{"line":17,"column":98}},"type":"binary-expr","locations":[{"start":{"line":17,"column":22},"end":{"line":17,"column":40}},{"start":{"line":17,"column":40},"end":{"line":17,"column":98}}],"line":17},"3":{"loc":{"start":{"line":18,"column":16},"end":{"line":18,"column":null}},"type":"cond-expr","locations":[{"start":{"line":18,"column":51},"end":{"line":18,"column":78}},{"start":{"line":18,"column":78},"end":{"line":18,"column":null}}],"line":18},"4":{"loc":{"start":{"line":18,"column":16},"end":{"line":18,"column":51}},"type":"binary-expr","locations":[{"start":{"line":18,"column":16},"end":{"line":18,"column":27}},{"start":{"line":18,"column":27},"end":{"line":18,"column":51}}],"line":18},"5":{"loc":{"start":{"line":22,"column":7},"end":{"line":22,"column":null}},"type":"binary-expr","locations":[{"start":{"line":22,"column":7},"end":{"line":22,"column":20}},{"start":{"line":22,"column":20},"end":{"line":22,"column":null}}],"line":22},"6":{"loc":{"start":{"line":23,"column":7},"end":{"line":23,"column":null}},"type":"binary-expr","locations":[{"start":{"line":23,"column":7},"end":{"line":23,"column":19}},{"start":{"line":23,"column":19},"end":{"line":23,"column":null}}],"line":23},"7":{"loc":{"start":{"line":35,"column":2},"end":{"line":37,"column":null}},"type":"if","locations":[{"start":{"line":35,"column":2},"end":{"line":37,"column":null}},{"start":{},"end":{}}],"line":35},"8":{"loc":{"start":{"line":43,"column":94},"end":{"line":43,"column":149}},"type":"binary-expr","locations":[{"start":{"line":43,"column":94},"end":{"line":43,"column":124}},{"start":{"line":43,"column":124},"end":{"line":43,"column":149}}],"line":43},"9":{"loc":{"start":{"line":45,"column":13},"end":{"line":45,"column":null}},"type":"binary-expr","locations":[{"start":{"line":45,"column":13},"end":{"line":45,"column":38}},{"start":{"line":45,"column":38},"end":{"line":45,"column":null}}],"line":45},"10":{"loc":{"start":{"line":47,"column":70},"end":{"line":47,"column":134}},"type":"cond-expr","locations":[{"start":{"line":47,"column":81},"end":{"line":47,"column":122}},{"start":{"line":47,"column":122},"end":{"line":47,"column":134}}],"line":47},"11":{"loc":{"start":{"line":49,"column":13},"end":{"line":52,"column":null}},"type":"binary-expr","locations":[{"start":{"line":49,"column":13},"end":{"line":52,"column":29}},{"start":{"line":52,"column":29},"end":{"line":52,"column":null}}],"line":49},"12":{"loc":{"start":{"line":55,"column":13},"end":{"line":55,"column":null}},"type":"cond-expr","locations":[{"start":{"line":55,"column":34},"end":{"line":55,"column":96}},{"start":{"line":55,"column":96},"end":{"line":55,"column":null}}],"line":55}},"s":{"0":2,"1":15,"2":15,"3":15,"4":131,"5":122,"6":9,"7":10,"8":26,"9":19},"f":{"0":15,"1":131,"2":10,"3":26,"4":19},"b":{"0":[15],"1":[14,1],"2":[14,0],"3":[2,13],"4":[15,12],"5":[15,8],"6":[15,1],"7":[122,9],"8":[10,8],"9":[10,1],"10":[1,9],"11":[10,1],"12":[3,7]},"meta":{"lastBranch":13,"lastFunction":5,"lastStatement":10,"seen":{"s:10:39:13:Infinity":0,"f:16:24:16:36":0,"b:16:76:16:81":0,"s:17:12:17:Infinity":1,"b:17:22:17:98:17:98:17:Infinity":1,"b:17:22:17:40:17:40:17:98":2,"s:18:16:18:Infinity":2,"b:18:51:18:78:18:78:18:Infinity":3,"b:18:16:18:27:18:27:18:51":4,"s:19:2:24:Infinity":3,"b:22:7:22:20:22:20:22:Infinity":5,"b:23:7:23:19:23:19:23:Infinity":6,"f:34:16:34:27":1,"b:35:2:37:Infinity:undefined:undefined:undefined:undefined":7,"s:35:2:37:Infinity":4,"s:36:4:36:Infinity":5,"s:38:2:59:Infinity":6,"f:40:19:40:20":2,"s:41:8:57:Infinity":7,"b:43:94:43:124:43:124:43:149":8,"b:45:13:45:38:45:38:45:Infinity":9,"b:47:81:47:122:47:122:47:134":10,"b:49:13:52:29:52:29:52:Infinity":11,"f:50:22:50:23":3,"s:50:33:50:34":8,"f:51:19:51:20":4,"s:51:28:51:29":9,"b:55:34:55:96:55:96:55:Infinity":12},"fnNames":{}}}
[...]
:{"line":264,"column":21},"end":{"line":264,"column":49}},{"start":{"line":264,"column":49},"end":{"line":264,"column":null}}],"line":264},"37":{"loc":{"start":{"line":272,"column":21},"end":{"line":272,"column":null}},"type":"binary-expr","locations":[{"start":{"line":272,"column":21},"end":{"line":272,"column":52}},{"start":{"line":272,"column":52},"end":{"line":272,"column":null}}],"line":272},"38":{"loc":{"start":{"line":280,"column":21},"end":{"line":289,"column":null}},"type":"cond-expr","locations":[{"start":{"line":281,"column":22},"end":{"line":284,"column":null}},{"start":{"line":286,"column":22},"end":{"line":289,"column":null}}],"line":280},"39":{"loc":{"start":{"line":283,"column":103},"end":{"line":283,"column":160}},"type":"cond-expr","locations":[{"start":{"line":283,"column":151},"end":{"line":283,"column":157}},{"start":{"line":283,"column":157},"end":{"line":283,"column":160}}],"line":283},"40":{"loc":{"start":{"line":295,"column":17},"end":{"line":306,"column":null}},"type":"binary-expr","locations":[{"start":{"line":295,"column":17},"end":{"line":295,"column":55}},{"start":{"line":295,"column":55},"end":{"line":295,"column":null}},{"start":{"line":296,"column":18},"end":{"line":306,"column":null}}],"line":295},"41":{"loc":{"start":{"line":300,"column":66},"end":{"line":300,"column":150}},"type":"cond-expr","locations":[{"start":{"line":300,"column":91},"end":{"line":300,"column":122}},{"start":{"line":300,"column":122},"end":{"line":300,"column":150}}],"line":300},"42":{"loc":{"start":{"line":303,"column":25},"end":{"line":303,"column":null}},"type":"binary-expr","locations":[{"start":{"line":303,"column":25},"end":{"line":303,"column":49}},{"start":{"line":303,"column":49},"end":{"line":303,"column":null}}],"line":303},"43":{"loc":{"start":{"line":310,"column":17},"end":{"line":333,"column":null}},"type":"binary-expr","locations":[{"start":{"line":310,"column":17},"end":{"line":310,"column":null}},{"start":{"line":311,"column":18},"end":{"line":333,"column":null}}],"line":310},"44":{"loc":{"start":{"line":319,"column":25},"end":{"line":319,"column":null}},"type":"binary-expr","locations":[{"start":{"line":319,"column":25},"end":{"line":319,"column":65}},{"start":{"line":319,"column":65},"end":{"line":319,"column":null}}],"line":319},"45":{"loc":{"start":{"line":324,"column":62},"end":{"line":324,"column":136}},"type":"cond-expr","locations":[{"start":{"line":324,"column":105},"end":{"line":324,"column":122}},{"start":{"line":324,"column":122},"end":{"line":324,"column":136}}],"line":324},"46":{"loc":{"start":{"line":325,"column":25},"end":{"line":325,"column":null}},"type":"cond-expr","locations":[{"start":{"line":325,"column":68},"end":{"line":325,"column":76}},{"start":{"line":325,"column":76},"end":{"line":325,"column":null}}],"line":325},"47":{"loc":{"start":{"line":337,"column":17},"end":{"line":357,"column":null}},"type":"binary-expr","locations":[{"start":{"line":337,"column":17},"end":{"line":337,"column":null}},{"start":{"line":338,"column":18},"end":{"line":357,"column":null}}],"line":337},"48":{"loc":{"start":{"line":338,"column":83},"end":{"line":338,"column":197}},"type":"cond-expr","locations":[{"start":{"line":338,"column":111},"end":{"line":338,"column":127}},{"start":{"line":338,"column":127},"end":{"line":338,"column":197}}],"line":338},"49":{"loc":{"start":{"line":338,"column":127},"end":{"line":338,"column":197}},"type":"cond-expr","locations":[{"start":{"line":338,"column":166},"end":{"line":338,"column":183}},{"start":{"line":338,"column":183},"end":{"line":338,"column":197}}],"line":338},"50":{"loc":{"start":{"line":340,"column":23},"end":{"line":340,"column":98}},"type":"cond-expr","locations":[{"start":{"line":340,"column":50},"end":{"line":340,"column":72}},{"start":{"line":340,"column":72},"end":{"line":340,"column":98}}],"line":340},"51":{"loc":{"start":{"line":341,"column":32},"end":{"line":341,"column":null}},"type":"cond-expr","locations":[{"start":{"line":341,"column":59},"end":{"line":341,"column":71}},{"start":{"line":341,"column":71},"end":{"line":341,"column":null}}],"line":341},"52":{"loc":{"start":{"line":343,"column":21},"end":{"line":348,"column":null}},"type":"binary-expr","locations":[{"start":{"line":343,"column":21},"end":{"line":343,"column":null}},{"start":{"line":344,"column":22},"end":{"line":348,"column":null}}],"line":343},"53":{"loc":{"start":{"line":350,"column":21},"end":{"line":355,"column":null}},"type":"binary-expr","locations":[{"start":{"line":350,"column":21},"end":{"line":350,"column":null}},{"start":{"line":351,"column":22},"end":{"line":355,"column":null}}],"line":350},"54":{"loc":{"start":{"line":362,"column":13},"end":{"line":363,"column":null}},"type":"binary-expr","locations":[{"start":{"line":362,"column":13},"end":{"line":362,"column":33}},{"start":{"line":362,"column":33},"end":{"line":362,"column":null}},{"start":{"line":363,"column":14},"end":{"line":363,"column":null}}],"line":362},"55":{"loc":{"start":{"line":381,"column":69},"end":{"line":381,"column":97}},"type":"binary-expr","locations":[{"start":{"line":381,"column":69},"end":{"line":381,"column":96}},{"start":{"line":381,"column":96},"end":{"line":381,"column":97}}],"line":381},"56":{"loc":{"start":{"line":381,"column":156},"end":{"line":381,"column":186}},"type":"binary-expr","locations":[{"start":{"line":381,"column":156},"end":{"line":381,"column":184}},{"start":{"line":381,"column":184},"end":{"line":381,"column":186}}],"line":381},"57":{"loc":{"start":{"line":392,"column":185},"end":{"line":392,"column":234}},"type":"cond-expr","locations":[{"start":{"line":392,"column":208},"end":{"line":392,"column":223}},{"start":{"line":392,"column":223},"end":{"line":392,"column":234}}],"line":392},"58":{"loc":{"start":{"line":393,"column":120},"end":{"line":393,"column":176}},"type":"cond-expr","locations":[{"start":{"line":393,"column":143},"end":{"line":393,"column":161}},{"start":{"line":393,"column":161},"end":{"line":393,"column":176}}],"line":393},"59":{"loc":{"start":{"line":413,"column":142},"end":{"line":413,"column":175}},"type":"binary-expr","locations":[{"start":{"line":413,"column":142},"end":{"line":413,"column":170}},{"start":{"line":413,"column":170},"end":{"line":413,"column":175}}],"line":413},"60":{"loc":{"start":{"line":422,"column":133},"end":{"line":422,"column":162}},"type":"binary-expr","locations":[{"start":{"line":422,"column":133},"end":{"line":422,"column":161}},{"start":{"line":422,"column":161},"end":{"line":422,"column":162}}],"line":422},"61":{"loc":{"start":{"line":430,"column":202},"end":{"line":430,"column":266}},"type":"cond-expr","locations":[{"start":{"line":430,"column":240},"end":{"line":430,"column":255}},{"start":{"line":430,"column":255},"end":{"line":430,"column":266}}],"line":430},"62":{"loc":{"start":{"line":431,"column":120},"end":{"line":431,"column":191}},"type":"cond-expr","locations":[{"start":{"line":431,"column":158},"end":{"line":431,"column":176}},{"start":{"line":431,"column":176},"end":{"line":431,"column":191}}],"line":431},"63":{"loc":{"start":{"line":444,"column":48},"end":{"line":444,"column":89}},"type":"cond-expr","locations":[{"start":{"line":444,"column":68},"end":{"line":444,"column":85}},{"start":{"line":444,"column":85},"end":{"line":444,"column":89}}],"line":444},"64":{"loc":{"start":{"line":449,"column":13},"end":{"line":452,"column":null}},"type":"cond-expr","locations":[{"start":{"line":450,"column":14},"end":{"line":450,"column":null}},{"start":{"line":452,"column":14},"end":{"line":452,"column":null}}],"line":449},"65":{"loc":{"start":{"line":449,"column":13},"end":{"line":449,"column":null}},"type":"binary-expr","locations":[{"start":{"line":449,"column":13},"end":{"line":449,"column":31}},{"start":{"line":449,"column":31},"end":{"line":449,"column":null}}],"line":449},"66":{"loc":{"start":{"line":452,"column":35},"end":{"line":452,"column":62}},"type":"binary-expr","locations":[{"start":{"line":452,"column":35},"end":{"line":452,"column":58}},{"start":{"line":452,"column":58},"end":{"line":452,"column":62}}],"line":452},"67":{"loc":{"start":{"line":452,"column":77},"end":{"line":452,"column":111}},"type":"binary-expr","locations":[{"start":{"line":452,"column":77},"end":{"line":452,"column":107}},{"start":{"line":452,"column":107},"end":{"line":452,"column":111}}],"line":452},"68":{"loc":{"start":{"line":457,"column":47},"end":{"line":457,"column":76}},"type":"binary-expr","locations":[{"start":{"line":457,"column":47},"end":{"line":457,"column":70}},{"start":{"line":457,"column":70},"end":{"line":457,"column":76}}],"line":457},"69":{"loc":{"start":{"line":475,"column":17},"end":{"line":475,"column":null}},"type":"binary-expr","locations":[{"start":{"line":475,"column":17},"end":{"line":475,"column":38}},{"start":{"line":475,"column":38},"end":{"line":475,"column":null}}],"line":475},"70":{"loc":{"start":{"line":479,"column":31},"end":{"line":479,"column":64}},"type":"cond-expr","locations":[{"start":{"line":479,"column":43},"end":{"line":479,"column":52}},{"start":{"line":479,"column":52},"end":{"line":479,"column":64}}],"line":479},"71":{"loc":{"start":{"line":479,"column":138},"end":{"line":479,"column":198}},"type":"cond-expr","locations":[{"start":{"line":479,"column":158},"end":{"line":479,"column":190}},{"start":{"line":479,"column":190},"end":{"line":479,"column":198}}],"line":479},"72":{"loc":{"start":{"line":481,"column":21},"end":{"line":481,"column":null}},"type":"cond-expr","locations":[{"start":{"line":481,"column":33},"end":{"line":481,"column":56}},{"start":{"line":481,"column":56},"end":{"line":481,"column":null}}],"line":481},"73":{"loc":{"start":{"line":484,"column":60},"end":{"line":484,"column":92}},"type":"binary-expr","locations":[{"start":{"line":484,"column":60},"end":{"line":484,"column":75}},{"start":{"line":484,"column":75},"end":{"line":484,"column":92}}],"line":484},"74":{"loc":{"start":{"line":485,"column":19},"end":{"line":485,"column":null}},"type":"cond-expr","locations":[{"start":{"line":485,"column":33},"end":{"line":485,"column":82}},{"start":{"line":485,"column":82},"end":{"line":485,"column":null}}],"line":485},"75":{"loc":{"start":{"line":485,"column":82},"end":{"line":485,"column":null}},"type":"cond-expr","locations":[{"start":{"line":485,"column":95},"end":{"line":485,"column":117}},{"start":{"line":485,"column":117},"end":{"line":485,"column":null}}],"line":485},"76":{"loc":{"start":{"line":486,"column":19},"end":{"line":486,"column":null}},"type":"cond-expr","locations":[{"start":{"line":486,"column":32},"end":{"line":486,"column":43}},{"start":{"line":486,"column":43},"end":{"line":486,"column":null}}],"line":486},"77":{"loc":{"start":{"line":488,"column":17},"end":{"line":491,"column":null}},"type":"binary-expr","locations":[{"start":{"line":488,"column":17},"end":{"line":488,"column":null}},{"start":{"line":489,"column":18},"end":{"line":491,"column":null}}],"line":488},"78":{"loc":{"start":{"line":501,"column":7},"end":{"line":501,"column":null}},"type":"binary-expr","locations":[{"start":{"line":501,"column":7},"end":{"line":501,"column":21}},{"start":{"line":501,"column":21},"end":{"line":501,"column":null}}],"line":501}},"s":{"0":151,"1":151,"2":151,"3":151,"4":151,"5":151,"6":151,"7":151,"8":372,"9":151,"10":2,"11":151,"12":151,"13":1242,"14":151,"15":9,"16":151,"17":151,"18":151,"19":151,"20":151,"21":151,"22":151,"23":151,"24":151,"25":151,"26":151,"27":151,"28":819,"29":151,"30":26,"31":151,"32":50,"33":24,"34":151,"35":5,"36":5,"37":5,"38":4,"39":4,"40":0,"41":4,"42":1,"43":5,"44":151,"45":2,"46":2,"47":2,"48":1,"49":1,"50":1,"51":0,"52":1,"53":1,"54":2,"55":151,"56":2,"57":2,"58":1,"59":1,"60":1,"61":151,"62":4,"63":4,"64":4,"65":4,"66":3,"67":3,"68":1,"69":4,"70":151,"71":2,"72":2,"73":2,"74":1,"75":1,"76":2,"77":151,"78":151,"79":26,"80":125,"81":125,"82":124,"83":11,"84":2,"85":1,"86":1,"87":1,"88":1,"89":1,"90":2,"91":1,"92":1,"93":2,"94":1,"95":1,"96":3,"97":1,"98":1,"99":1,"100":1,"101":1,"102":1,"103":18,"104":1,"105":1,"106":0},"f":{"0":151,"1":372,"2":2,"3":1242,"4":9,"5":819,"6":26,"7":50,"8":5,"9":0,"10":2,"11":0,"12":2,"13":4,"14":2,"15":11,"16":2,"17":1,"18":1,"19":1,"20":1,"21":1,"22":2,"23":1,"24":1,"25":2,"26":1,"27":1,"28":3,"29":1,"30":1,"31":1,"32":1,"33":1,"34":1,"35":18,"36":1,"37":1,"38":0},"b":{"0":[151,27],"1":[1242,1186],"2":[9,3],"3":[151,124],"4":[24,26],"5":[1,0],"6":[1,0],"7":[1,0],"8":[1,0],"9":[1,0],"10":[26,125],"11":[1,124],"12":[124,2],"13":[151,24],"14":[2,122],"15":[151,24],"16":[151,24],"17":[1,0],"18":[151,24],"19":[1,0],"20":[151,24],"21":[1,0],"22":[151,119],"23":[5,119],"24":[4,115],"25":[5,119],"26":[4,115],"27":[151,4],"28":[120,4],"29":[120,4],"30":[1,0],"31":[2,0],"32":[1,0],"33":[4,120],"34":[151,1],"35":[151,3],"36":[3,1],"37":[3,1],"38":[2,1],"39":[0,2],"40":[3,2,2],"41":[2,0],"42":[2,2],"43":[3,3],"44":[3,1],"45":[1,2],"46":[1,2],"47":[3,3],"48":[1,2],"49":[0,2],"50":[2,1],"51":[2,1],"52":[3,1],"53":[3,1],"54":[151,121,117],"55":[151,24],"56":[3,1],"57":[3,121],"58":[3,121],"59":[1,0],"60":[1,0],"61":[3,121],"62":[3,121],"63":[2,122],"64":[0,124],"65":[151,0],"66":[124,0],"67":[124,0],"68":[151,120],"69":[151,6],"70":[1,123],"71":[6,118],"72":[1,123],"73":[151,122],"74":[2,122],"75":[1,121],"76":[1,123],"77":[151,6],"78":[151,4]},"meta":{"lastBranch":79,"lastFunction":39,"lastStatement":107,"seen":{"f:10:24:10:39":0,"s:11:50:11:Infinity":0,"s:12:49:12:Infinity":1,"s:13:22:13:Infinity":2,"s:14:26:14:Infinity":3,"s:15:24:15:Infinity":4,"s:16:34:16:Infinity":5,"s:18:22:18:Infinity":6,"b:18:22:18:47:18:47:18:Infinity":0,"s:19:23:19:Infinity":7,"f:19:23:19:24":1,"s:19:42:19:Infinity":8,"s:20:19:23:Infinity":9,"f:20:19:20:Infinity":2,"s:21:4:23:Infinity":10,"s:27:20:27:Infinity":11,"s:28:20:29:Infinity":12,"f:28:20:28:68":3,"s:29:5:29:Infinity":13,"b:29:5:29:25:29:25:29:Infinity":1,"s:30:20:31:Infinity":14,"f:30:20:30:68":4,"s:31:4:31:Infinity":15,"b:31:37:31:50:31:50:31:55":2,"s:34:28:34:Infinity":16,"s:35:32:35:Infinity":17,"s:36:36:36:Infinity":18,"s:37:34:37:Infinity":19,"s:40:77:40:Infinity":20,"s:41:48:41:Infinity":21,"s:45:44:45:Infinity":22,"s:46:46:46:Infinity":23,"s:47:46:47:Infinity":24,"s:50:50:50:Infinity":25,"s:51:42:51:Infinity":26,"s:53:18:55:Infinity":27,"b:53:18:53:38:53:38:55:Infinity":3,"f:54:4:54:5":5,"s:54:11:54:Infinity":28,"s:57:2:57:Infinity":29,"f:57:12:57:18":6,"s:57:20:57:41":30,"s:58:2:58:Infinity":31,"f:58:12:58:18":7,"b:58:20:58:60:undefined:undefined:undefined:undefined":4,"s:58:20:58:60":32,"s:58:34:58:60":33,"s:60:21:72:Infinity":34,"f:60:21:60:33":8,"s:61:4:61:Infinity":35,"s:62:4:71:Infinity":36,"s:63:6:63:Infinity":37,"s:64:6:64:Infinity":38,"s:65:6:65:Infinity":39,"f:65:17:65:23":9,"s:65:23:65:40":40,"s:66:6:66:Infinity":41,"s:68:6:68:Infinity":42,"b:68:68:68:80:68:80:68:106":5,"s:70:6:70:Infinity":43,"s:74:26:87:Infinity":44,"f:74:26:74:38":10,"s:75:4:75:Infinity":45,"s:76:4:86:Infinity":46,"s:77:6:77:Infinity":47,"s:78:6:78:Infinity":48,"s:79:6:79:Infinity":49,"s:80:6:80:Infinity":50,"f:80:17:80:23":11,"s:80:23:80:45":51,"s:81:6:81:Infinity":52,"s:83:6:83:Infinity":53,"b:83:68:83:80:83:80:83:103":6,"s:85:6:85:Infinity":54,"s:89:27:97:Infinity":55,"f:89:27:89:39":12,"s:90:4:96:Infinity":56,"s:91:6:91:Infinity":57,"s:92:6:92:Infinity":58,"s:93:6:93:Infinity":59,"s:95:6:95:Infinity":60,"b:95:68:95:80:95:80:95:104":7,"s:99:25:111:Infinity":61,"f:99:25:99:37":13,"s:100:4:100:Infinity":62,"s:101:4:101:Infinity":63,"s:102:4:110:Infinity":64,"s:103:23:103:Infinity":65,"s:104:6:104:Infinity":66,"s:105:6:105:Infinity":67,"s:107:6:107:Infinity":68,"b:107:45:107:57:107:57:107:75":8,"s:109:6:109:Infinity":69,"s:113:31:123:Infinity":70,"f:113:31:113:43":14,"s:114:4:114:Infinity":71,"s:115:4:122:Infinity":72,"s:116:6:116:Infinity":73,"s:117:6:117:Infinity":74,"s:119:6:119:Infinity":75,"b:119:68:119:80:119:80:119:104":9,"s:121:6:121:Infinity":76,"s:125:19:125:Infinity":77,"b:127:2:127:Infinity:undefined:undefined:undefined:undefined":10,"s:127:2:127:Infinity":78,"s:127:15:127:Infinity":79,"b:128:2:128:Infinity:undefined:undefined:undefined:undefined":11,"s:128:2:128:Infinity":80,"s:128:13:128:Infinity":81,"s:130:2:502:Infinity":82,"b:149:15:149:50:149:50:149:Infinity":12,"b:151:45:151:69:151:69:151:71":13,"f:151:84:151:85":15,"s:151:91:151:146":83,"b:152:91:152:147:152:147:152:202":14,"b:157:45:157:71:157:71:157:82":15,"f:157:95:157:96":16,"s:157:102:157:159":84,"b:162:79:162:108:162:108:162:111":16,"f:162:124:162:125":17,"s:162:131:162:210":85,"b:162:172:162:202:162:202:162:206":17,"b:169:49:169:82:169:82:169:86":18,"f:169:99:169:100":18,"s:169:106:169:188":86,"b:169:151:169:179:169:179:169:184":19,"b:171:49:171:80:171:80:171:84":20,"f:171:97:171:98":19,"s:171:104:171:184":87,"b:171:147:171:175:171:175:171:180":21,"b:176:51:176:61:176:61:176:71":22,"b:177:24:177:73:177:73:177:Infinity":23,"b:177:81:177:103:177:103:177:Infinity":24,"b:178:24:178:36:178:36:178:Infinity":25,"b:178:44:178:55:178:55:178:Infinity":26,"b:180:13:180:22:180:22:180:Infinity":27,"f:196:43:196:49":20,"s:196:49:196:117":88,"b:196:221:196:236:196:236:196:247":28,"b:197:150:197:168:197:168:197:183":29,"f:203:110:203:111":21,"s:203:117:203:180":89,"b:203:146:203:174:203:174:203:177":30,"f:209:105:209:106":22,"s:209:112:209:170":90,"b:209:137:209:165:209:165:209:167":31,"f:215:108:215:109":23,"s:215:115:215:174":91,"b:215:139:215:167:215:167:215:171":32,"f:229:24:229:30":24,"s:229:30:229:Infinity":92,"b:246:36:246:85:246:85:246:105":33,"b:251:13:251:Infinity:252:14:255:Infinity":34,"b:258:13:258:Infinity:259:14:359:Infinity":35,"b:264:21:264:49:264:49:264:Infinity":36,"b:272:21:272:52:272:52:272:Infinity":37,"b:281:22:284:Infinity:286:22:289:Infinity":38,"b:283:151:283:157:283:157:283:160":39,"b:295:17:295:55:295:55:295:Infinity:296:18:306:Infinity":40,"f:297:60:297:61":25,"s:298:22:304:Infinity":93,"b:300:91:300:122:300:122:300:150":41,"b:303:25:303:49:303:49:303:Infinity":42,"b:310:17:310:Infinity:311:18:333:Infinity":43,"b:319:25:319:65:319:65:319:Infinity":44,"b:324:105:324:122:324:122:324:136":45,"b:325:68:325:76:325:76:325:Infinity":46,"b:337:17:337:Infinity:338:18:357:Infinity":47,"b:338:111:338:127:338:127:338:197":48,"b:338:166:338:183:338:183:338:197":49,"b:340:50:340:72:340:72:340:98":50,"b:341:59:341:71:341:71:341:Infinity":51,"b:343:21:343:Infinity:344:22:348:Infinity":52,"f:345:55:345:56":26,"s:346:26:346:Infinity":94,"b:350:21:350:Infinity:351:22:355:Infinity":53,"f:352:53:352:54":27,"s:353:26:353:Infinity":95,"b:362:13:362:33:362:33:362:Infinity:363:14:363:Infinity":54,"b:381:69:381:96:381:96:381:97":55,"f:381:110:381:111":28,"s:381:117:381:190":96,"b:381:156:381:184:381:184:381:186":56,"f:392:45:392:51":29,"s:392:51:392:113":97,"b:392:208:392:223:392:223:392:234":57,"b:393:143:393:161:393:161:393:176":58,"f:407:119:407:120":30,"s:407:126:407:170":98,"f:413:113:413:114":31,"s:413:120:413:178":99,"b:413:142:413:170:413:170:413:175":59,"f:422:103:422:104":32,"s:422:110:422:165":100,"b:422:133:422:161:422:161:422:162":60,"f:430:45:430:51":33,"s:430:51:430:130":101,"b:430:240:430:255:430:255:430:266":61,"b:431:158:431:176:431:176:431:191":62,"b:444:68:444:85:444:85:444:89":63,"b:450:14:450:Infinity:452:14:452:Infinity":64,"b:449:13:449:31:449:31:449:Infinity":65,"b:452:35:452:58:452:58:452:62":66,"b:452:77:452:107:452:107:452:111":67,"b:457:47:457:70:457:70:457:76":68,"f:457:89:457:90":34,"s:457:96:457:150":102,"b:475:17:475:38:475:38:475:Infinity":69,"b:479:43:479:52:479:52:479:64":70,"f:479:90:479:91":35,"s:479:97:479:125":103,"b:479:158:479:190:479:190:479:198":71,"f:480:49:480:55":36,"s:480:55:480:78":104,"f:480:68:480:73":37,"s:480:73:480:75":105,"b:481:33:481:56:481:56:481:Infinity":72,"b:484:60:484:75:484:75:484:92":73,"b:485:33:485:82:485:82:485:Infinity":74,"b:485:95:485:117:485:117:485:Infinity":75,"b:486:32:486:43:486:43:486:Infinity":76,"b:488:17:488:Infinity:489:18:491:Infinity":77,"b:501:7:501:21:501:21:501:Infinity":78,"f:501:62:501:68":38,"s:501:68:501:89":106},"fnNames":{}}}
}
